#
# There is insufficient memory for the Java Runtime Environment to continue.
# Native memory allocation (malloc) failed to allocate 989456 bytes for Chunk::new
# Possible reasons:
#   The system is out of physical RAM or swap space
#   The process is running with CompressedOops enabled, and the Java Heap may be blocking the growth of the native heap
# Possible solutions:
#   Reduce memory load on the system
#   Increase physical memory or swap space
#   Check if swap backing store is full
#   Decrease Java heap size (-Xmx/-Xms)
#   Decrease number of Java threads
#   Decrease Java thread stack sizes (-Xss)
#   Set larger code cache with -XX:ReservedCodeCacheSize=
#   JVM is running with Zero Based Compressed Oops mode in which the Java heap is
#     placed in the first 32GB address space. The Java Heap base address is the
#     maximum limit for the native heap growth. Please use -XX:HeapBaseMinAddress
#     to set the Java Heap base and to place the Java Heap above 32GB virtual address.
# This output file may be truncated or incomplete.
#
#  Out of Memory Error (arena.cpp:189), pid=6352, tid=12240
#
# JRE version: OpenJDK Runtime Environment (17.0.7) (build 17.0.7+0-b2043.56-10550314)
# Java VM: OpenJDK 64-Bit Server VM (17.0.7+0-b2043.56-10550314, mixed mode, tiered, compressed oops, compressed class ptrs, g1 gc, windows-amd64)
# No core dump will be written. Minidumps are not enabled by default on client versions of Windows
#

---------------  S U M M A R Y ------------

Command Line: --add-opens=java.base/java.util=ALL-UNNAMED --add-opens=java.base/java.lang=ALL-UNNAMED --add-opens=java.base/java.lang.invoke=ALL-UNNAMED --add-opens=java.base/java.util=ALL-UNNAMED --add-opens=java.prefs/java.util.prefs=ALL-UNNAMED --add-opens=java.prefs/java.util.prefs=ALL-UNNAMED --add-opens=java.base/java.nio.charset=ALL-UNNAMED --add-opens=java.base/java.net=ALL-UNNAMED --add-opens=java.base/java.util.concurrent.atomic=ALL-UNNAMED -Xmx4G -Dfile.encoding=windows-1252 -Duser.country=IN -Duser.language=en -Duser.variant org.gradle.launcher.daemon.bootstrap.GradleDaemon 7.5

Host: Intel(R) Core(TM) i5-7200U CPU @ 2.50GHz, 4 cores, 7G,  Windows 10 , 64 bit Build 19041 (10.0.19041.3636)
Time: Wed Jan 24 08:10:28 2024 Pacific Standard Time elapsed time: 1315.381146 seconds (0d 0h 21m 55s)

---------------  T H R E A D  ---------------

Current thread (0x000002023f463000):  JavaThread "C2 CompilerThread0" daemon [_thread_in_native, id=12240, stack(0x000000fb28400000,0x000000fb28500000)]


Current CompileTask:
C2:1315382 14955       4       org.gradle.api.internal.artifacts.ivyservice.resolveengine.result.DesugaredAttributeContainerSerializer::read (155 bytes)

Stack: [0x000000fb28400000,0x000000fb28500000]
Native frames: (J=compiled Java code, j=interpreted, Vv=VM code, C=native code)
V  [jvm.dll+0x683bfa]
V  [jvm.dll+0x8430a4]
V  [jvm.dll+0x8449be]
V  [jvm.dll+0x845023]
V  [jvm.dll+0x24ad2f]
V  [jvm.dll+0xac25c]
V  [jvm.dll+0xac82c]
V  [jvm.dll+0x2b218f]
V  [jvm.dll+0x58c2f7]
V  [jvm.dll+0x225a12]
V  [jvm.dll+0x21ed62]
V  [jvm.dll+0x21c56b]
V  [jvm.dll+0x1a605d]
V  [jvm.dll+0x22c148]
V  [jvm.dll+0x22a209]
V  [jvm.dll+0x7f858c]
V  [jvm.dll+0x7f2aea]
V  [jvm.dll+0x682a35]
C  [ucrtbase.dll+0x21bb2]
C  [KERNEL32.DLL+0x17344]
C  [ntdll.dll+0x526b1]


---------------  P R O C E S S  ---------------

Threads class SMR info:
_java_thread_list=0x000002024e552400, length=87, elements={
0x00000202210fa710, 0x000002023f433620, 0x000002023f434620, 0x000002023f2eff50,
0x000002023f2f3d30, 0x000002023f2f45f0, 0x000002023f2f4eb0, 0x000002023f463000,
0x000002023f463fe0, 0x000002023f468cf0, 0x000002023f5ced40, 0x000002023f5d0890,
0x0000020245625e70, 0x00000202456316d0, 0x0000020245325000, 0x0000020244fd61f0,
0x0000020244fd7a00, 0x0000020244fd6b90, 0x0000020244fd4eb0, 0x0000020244fd5380,
0x00000202463533a0, 0x0000020246352530, 0x0000020246352ed0, 0x00000202463516c0,
0x0000020246352a00, 0x0000020244152ad0, 0x000002024414cf60, 0x0000020244150920,
0x00000202486a3550, 0x00000202486a6f10, 0x00000202486a2210, 0x00000202486a0530,
0x00000202486a1870, 0x00000202486a26e0, 0x00000202486a1d40, 0x00000202486a60a0,
0x00000202486a6570, 0x00000202486a3a20, 0x00000202486a2bb0, 0x00000202486a4d60,
0x00000202486a78b0, 0x00000202486a73e0, 0x00000202486a0a00, 0x00000202486a0ed0,
0x00000202486a0060, 0x00000202486a3ef0, 0x00000202486a13a0, 0x00000202486a5230,
0x00000202486a43c0, 0x00000202486a4890, 0x00000202486a5700, 0x00000202486a5bd0,
0x00000202478fda40, 0x00000202479000c0, 0x00000202478faa20, 0x0000020247900f30,
0x00000202478faef0, 0x00000202479018d0, 0x00000202478fc700, 0x00000202478ffbf0,
0x0000020247900a60, 0x00000202478fa080, 0x00000202478fb890, 0x00000202478fcbd0,
0x00000202478fa550, 0x00000202478fd0a0, 0x0000020247900590, 0x0000020247901400,
0x00000202478fd570, 0x00000202478fed80, 0x00000202478fdf10, 0x00000202478ff250,
0x00000202478ff720, 0x000002024414c5c0, 0x000002024414ddd0, 0x000002024414e770,
0x0000020244150450, 0x000002024414bc20, 0x000002024414b280, 0x000002024414c0f0,
0x000002024414f110, 0x000002024414ca90, 0x00000202441512c0, 0x000002024414f5e0,
0x0000020244150df0, 0x0000020244152130, 0x000002024414fab0
}

Java Threads: ( => current thread )
  0x00000202210fa710 JavaThread "main" [_thread_blocked, id=4588, stack(0x000000fb27700000,0x000000fb27800000)]
  0x000002023f433620 JavaThread "Reference Handler" daemon [_thread_blocked, id=4488, stack(0x000000fb27e00000,0x000000fb27f00000)]
  0x000002023f434620 JavaThread "Finalizer" daemon [_thread_blocked, id=5204, stack(0x000000fb27f00000,0x000000fb28000000)]
  0x000002023f2eff50 JavaThread "Signal Dispatcher" daemon [_thread_blocked, id=15536, stack(0x000000fb28000000,0x000000fb28100000)]
  0x000002023f2f3d30 JavaThread "Attach Listener" daemon [_thread_blocked, id=8440, stack(0x000000fb28100000,0x000000fb28200000)]
  0x000002023f2f45f0 JavaThread "Service Thread" daemon [_thread_blocked, id=8556, stack(0x000000fb28200000,0x000000fb28300000)]
  0x000002023f2f4eb0 JavaThread "Monitor Deflation Thread" daemon [_thread_blocked, id=5592, stack(0x000000fb28300000,0x000000fb28400000)]
=>0x000002023f463000 JavaThread "C2 CompilerThread0" daemon [_thread_in_native, id=12240, stack(0x000000fb28400000,0x000000fb28500000)]
  0x000002023f463fe0 JavaThread "C1 CompilerThread0" daemon [_thread_blocked, id=12800, stack(0x000000fb28500000,0x000000fb28600000)]
  0x000002023f468cf0 JavaThread "Sweeper thread" daemon [_thread_blocked, id=15340, stack(0x000000fb28600000,0x000000fb28700000)]
  0x000002023f5ced40 JavaThread "Common-Cleaner" daemon [_thread_blocked, id=15024, stack(0x000000fb28700000,0x000000fb28800000)]
  0x000002023f5d0890 JavaThread "Notification Thread" daemon [_thread_blocked, id=15116, stack(0x000000fb28800000,0x000000fb28900000)]
  0x0000020245625e70 JavaThread "Daemon health stats" [_thread_blocked, id=8180, stack(0x000000fb28e00000,0x000000fb28f00000)]
  0x00000202456316d0 JavaThread "Incoming local TCP Connector on port 55677" [_thread_in_native, id=14376, stack(0x000000fb28a00000,0x000000fb28b00000)]
  0x0000020245325000 JavaThread "Daemon periodic checks" [_thread_blocked, id=11592, stack(0x000000fb28f00000,0x000000fb29000000)]
  0x0000020244fd61f0 JavaThread "Cache worker for journal cache (C:\Users\HP\.gradle\caches\journal-1)" [_thread_blocked, id=16320, stack(0x000000fb29700000,0x000000fb29800000)]
  0x0000020244fd7a00 JavaThread "File lock request listener" [_thread_in_native, id=11576, stack(0x000000fb29800000,0x000000fb29900000)]
  0x0000020244fd6b90 JavaThread "Cache worker for file hash cache (C:\Users\HP\.gradle\caches\7.5\fileHashes)" [_thread_blocked, id=1772, stack(0x000000fb29900000,0x000000fb29a00000)]
  0x0000020244fd4eb0 JavaThread "File watcher server" daemon [_thread_in_native, id=14728, stack(0x000000fb29c00000,0x000000fb29d00000)]
  0x0000020244fd5380 JavaThread "File watcher consumer" daemon [_thread_blocked, id=5660, stack(0x000000fb29d00000,0x000000fb29e00000)]
  0x00000202463533a0 JavaThread "Cache worker for file content cache (C:\Users\HP\.gradle\caches\7.5\fileContent)" [_thread_blocked, id=3196, stack(0x000000fb2a000000,0x000000fb2a100000)]
  0x0000020246352530 JavaThread "Cache worker for execution history cache (C:\Users\HP\.gradle\caches\7.5\executionHistory)" [_thread_blocked, id=8436, stack(0x000000fb2a300000,0x000000fb2a400000)]
  0x0000020246352ed0 JavaThread "jar transforms" [_thread_blocked, id=13328, stack(0x000000fb2a400000,0x000000fb2a500000)]
  0x00000202463516c0 JavaThread "Cache worker for kotlin-dsl (C:\Users\HP\.gradle\caches\7.5\kotlin-dsl)" [_thread_blocked, id=7160, stack(0x000000fb29a00000,0x000000fb29b00000)]
  0x0000020246352a00 JavaThread "jar transforms Thread 2" [_thread_blocked, id=11768, stack(0x000000fb2a500000,0x000000fb2a600000)]
  0x0000020244152ad0 JavaThread "jar transforms Thread 3" [_thread_blocked, id=7728, stack(0x000000fb2a800000,0x000000fb2a900000)]
  0x000002024414cf60 JavaThread "Memory manager" [_thread_blocked, id=5128, stack(0x000000fb2a900000,0x000000fb2aa00000)]
  0x0000020244150920 JavaThread "jar transforms Thread 4" [_thread_blocked, id=13304, stack(0x000000fb2ab00000,0x000000fb2ac00000)]
  0x00000202486a3550 JavaThread "Daemon Thread 3" [_thread_blocked, id=8176, stack(0x000000fb27400000,0x000000fb27500000)]
  0x00000202486a6f10 JavaThread "Handler for socket connection from /127.0.0.1:55677 to /127.0.0.1:58147" [_thread_in_native, id=16004, stack(0x000000fb27500000,0x000000fb27600000)]
  0x00000202486a2210 JavaThread "Cancel handler" [_thread_blocked, id=14700, stack(0x000000fb27600000,0x000000fb27700000)]
  0x00000202486a0530 JavaThread "Daemon worker Thread 3" [_thread_in_vm, id=11588, stack(0x000000fb29000000,0x000000fb29100000)]
  0x00000202486a1870 JavaThread "Asynchronous log dispatcher for DefaultDaemonConnection: socket connection from /127.0.0.1:55677 to /127.0.0.1:58147" [_thread_blocked, id=7924, stack(0x000000fb29100000,0x000000fb29200000)]
  0x00000202486a26e0 JavaThread "Stdin handler" [_thread_blocked, id=11020, stack(0x000000fb29200000,0x000000fb29300000)]
  0x00000202486a1d40 JavaThread "Daemon client event forwarder" [_thread_blocked, id=12592, stack(0x000000fb29300000,0x000000fb29400000)]
  0x00000202486a60a0 JavaThread "Cache worker for checksums cache (C:\Users\HP\Desktop\instagram_pro\android\.gradle\7.5\checksums)" [_thread_blocked, id=11976, stack(0x000000fb29400000,0x000000fb29500000)]
  0x00000202486a6570 JavaThread "Cache worker for cache directory md-rule (C:\Users\HP\.gradle\caches\7.5\md-rule)" [_thread_blocked, id=11144, stack(0x000000fb29500000,0x000000fb29600000)]
  0x00000202486a3a20 JavaThread "Cache worker for file hash cache (C:\Users\HP\Desktop\instagram_pro\android\.gradle\7.5\fileHashes)" [_thread_blocked, id=12108, stack(0x000000fb29600000,0x000000fb29700000)]
  0x00000202486a2bb0 JavaThread "Cache worker for cache directory md-supplier (C:\Users\HP\.gradle\caches\7.5\md-supplier)" [_thread_blocked, id=11036, stack(0x000000fb29e00000,0x000000fb29f00000)]
  0x00000202486a4d60 JavaThread "Cache worker for dependencies-accessors (C:\Users\HP\Desktop\instagram_pro\android\.gradle\7.5\dependencies-accessors)" [_thread_blocked, id=13656, stack(0x000000fb29f00000,0x000000fb2a000000)]
  0x00000202486a78b0 JavaThread "Cache worker for Build Output Cleanup Cache (C:\flutter\packages\flutter_tools\gradle\.gradle\buildOutputCleanup)" [_thread_blocked, id=11284, stack(0x000000fb2a100000,0x000000fb2a200000)]
  0x00000202486a73e0 JavaThread "included builds" [_thread_blocked, id=3412, stack(0x000000fb2a200000,0x000000fb2a300000)]
  0x00000202486a0a00 JavaThread "Execution worker" [_thread_blocked, id=9316, stack(0x000000fb2a600000,0x000000fb2a700000)]
  0x00000202486a0ed0 JavaThread "Execution worker Thread 2" [_thread_blocked, id=5428, stack(0x000000fb2a700000,0x000000fb2a800000)]
  0x00000202486a0060 JavaThread "Execution worker Thread 3" [_thread_blocked, id=14132, stack(0x000000fb2aa00000,0x000000fb2ab00000)]
  0x00000202486a3ef0 JavaThread "Cache worker for execution history cache (C:\flutter\packages\flutter_tools\gradle\.gradle\7.5\executionHistory)" [_thread_blocked, id=7800, stack(0x000000fb2ac00000,0x000000fb2ad00000)]
  0x00000202486a13a0 JavaThread "Unconstrained build operations" [_thread_blocked, id=15972, stack(0x000000fb2ad00000,0x000000fb2ae00000)]
  0x00000202486a5230 JavaThread "Unconstrained build operations Thread 2" [_thread_blocked, id=16308, stack(0x000000fb2ae00000,0x000000fb2af00000)]
  0x00000202486a43c0 JavaThread "Unconstrained build operations Thread 3" [_thread_blocked, id=11428, stack(0x000000fb2af00000,0x000000fb2b000000)]
  0x00000202486a4890 JavaThread "Unconstrained build operations Thread 4" [_thread_blocked, id=7432, stack(0x000000fb2b000000,0x000000fb2b100000)]
  0x00000202486a5700 JavaThread "Unconstrained build operations Thread 5" [_thread_blocked, id=15880, stack(0x000000fb2b100000,0x000000fb2b200000)]
  0x00000202486a5bd0 JavaThread "Unconstrained build operations Thread 6" [_thread_blocked, id=11312, stack(0x000000fb2b200000,0x000000fb2b300000)]
  0x00000202478fda40 JavaThread "Unconstrained build operations Thread 7" [_thread_blocked, id=13192, stack(0x000000fb2b300000,0x000000fb2b400000)]
  0x00000202479000c0 JavaThread "Unconstrained build operations Thread 8" [_thread_blocked, id=3296, stack(0x000000fb2b400000,0x000000fb2b500000)]
  0x00000202478faa20 JavaThread "Unconstrained build operations Thread 9" [_thread_blocked, id=2320, stack(0x000000fb2b500000,0x000000fb2b600000)]
  0x0000020247900f30 JavaThread "Unconstrained build operations Thread 10" [_thread_blocked, id=6832, stack(0x000000fb2b600000,0x000000fb2b700000)]
  0x00000202478faef0 JavaThread "Unconstrained build operations Thread 11" [_thread_blocked, id=4772, stack(0x000000fb2b700000,0x000000fb2b800000)]
  0x00000202479018d0 JavaThread "Unconstrained build operations Thread 12" [_thread_blocked, id=11396, stack(0x000000fb2b800000,0x000000fb2b900000)]
  0x00000202478fc700 JavaThread "Unconstrained build operations Thread 13" [_thread_blocked, id=14212, stack(0x000000fb2b900000,0x000000fb2ba00000)]
  0x00000202478ffbf0 JavaThread "Unconstrained build operations Thread 14" [_thread_blocked, id=4868, stack(0x000000fb2ba00000,0x000000fb2bb00000)]
  0x0000020247900a60 JavaThread "Unconstrained build operations Thread 15" [_thread_blocked, id=12308, stack(0x000000fb2bb00000,0x000000fb2bc00000)]
  0x00000202478fa080 JavaThread "Unconstrained build operations Thread 16" [_thread_blocked, id=10280, stack(0x000000fb2bc00000,0x000000fb2bd00000)]
  0x00000202478fb890 JavaThread "Unconstrained build operations Thread 17" [_thread_blocked, id=8644, stack(0x000000fb2bd00000,0x000000fb2be00000)]
  0x00000202478fcbd0 JavaThread "Unconstrained build operations Thread 18" [_thread_blocked, id=6552, stack(0x000000fb2be00000,0x000000fb2bf00000)]
  0x00000202478fa550 JavaThread "Unconstrained build operations Thread 19" [_thread_blocked, id=8032, stack(0x000000fb2bf00000,0x000000fb2c000000)]
  0x00000202478fd0a0 JavaThread "Unconstrained build operations Thread 20" [_thread_blocked, id=10972, stack(0x000000fb2c000000,0x000000fb2c100000)]
  0x0000020247900590 JavaThread "Unconstrained build operations Thread 21" [_thread_blocked, id=16380, stack(0x000000fb2c100000,0x000000fb2c200000)]
  0x0000020247901400 JavaThread "Unconstrained build operations Thread 22" [_thread_blocked, id=3604, stack(0x000000fb2c200000,0x000000fb2c300000)]
  0x00000202478fd570 JavaThread "Unconstrained build operations Thread 23" [_thread_blocked, id=15552, stack(0x000000fb2c300000,0x000000fb2c400000)]
  0x00000202478fed80 JavaThread "Unconstrained build operations Thread 24" [_thread_blocked, id=8648, stack(0x000000fb2c400000,0x000000fb2c500000)]
  0x00000202478fdf10 JavaThread "Unconstrained build operations Thread 25" [_thread_blocked, id=9804, stack(0x000000fb2c500000,0x000000fb2c600000)]
  0x00000202478ff250 JavaThread "Unconstrained build operations Thread 26" [_thread_blocked, id=2172, stack(0x000000fb2c600000,0x000000fb2c700000)]
  0x00000202478ff720 JavaThread "Unconstrained build operations Thread 27" [_thread_blocked, id=14388, stack(0x000000fb2c700000,0x000000fb2c800000)]
  0x000002024414c5c0 JavaThread "Unconstrained build operations Thread 28" [_thread_blocked, id=2236, stack(0x000000fb2c800000,0x000000fb2c900000)]
  0x000002024414ddd0 JavaThread "Unconstrained build operations Thread 29" [_thread_blocked, id=9872, stack(0x000000fb2c900000,0x000000fb2ca00000)]
  0x000002024414e770 JavaThread "Unconstrained build operations Thread 30" [_thread_blocked, id=3656, stack(0x000000fb2ca00000,0x000000fb2cb00000)]
  0x0000020244150450 JavaThread "Unconstrained build operations Thread 31" [_thread_blocked, id=4076, stack(0x000000fb2cb00000,0x000000fb2cc00000)]
  0x000002024414bc20 JavaThread "Unconstrained build operations Thread 32" [_thread_blocked, id=5536, stack(0x000000fb2cc00000,0x000000fb2cd00000)]
  0x000002024414b280 JavaThread "Unconstrained build operations Thread 33" [_thread_blocked, id=976, stack(0x000000fb2cd00000,0x000000fb2ce00000)]
  0x000002024414c0f0 JavaThread "Unconstrained build operations Thread 34" [_thread_blocked, id=15992, stack(0x000000fb2ce00000,0x000000fb2cf00000)]
  0x000002024414f110 JavaThread "Unconstrained build operations Thread 35" [_thread_blocked, id=12276, stack(0x000000fb2cf00000,0x000000fb2d000000)]
  0x000002024414ca90 JavaThread "Unconstrained build operations Thread 36" [_thread_blocked, id=1840, stack(0x000000fb2d000000,0x000000fb2d100000)]
  0x00000202441512c0 JavaThread "Unconstrained build operations Thread 37" [_thread_blocked, id=6580, stack(0x000000fb2d100000,0x000000fb2d200000)]
  0x000002024414f5e0 JavaThread "Unconstrained build operations Thread 38" [_thread_blocked, id=2224, stack(0x000000fb2d200000,0x000000fb2d300000)]
  0x0000020244150df0 JavaThread "Unconstrained build operations Thread 39" [_thread_blocked, id=8124, stack(0x000000fb2d300000,0x000000fb2d400000)]
  0x0000020244152130 JavaThread "Unconstrained build operations Thread 40" [_thread_blocked, id=15720, stack(0x000000fb2d400000,0x000000fb2d500000)]
  0x000002024414fab0 JavaThread "Cache worker for Build Output Cleanup Cache (C:\Users\HP\Desktop\instagram_pro\android\.gradle\buildOutputCleanup)" [_thread_blocked, id=3660, stack(0x000000fb2d500000,0x000000fb2d600000)]

Other Threads:
  0x000002023f2df890 VMThread "VM Thread" [stack: 0x000000fb27d00000,0x000000fb27e00000] [id=8412]
  0x000002023f5d1570 WatcherThread [stack: 0x000000fb28900000,0x000000fb28a00000] [id=15976]
  0x00000202211681b0 GCTaskThread "GC Thread#0" [stack: 0x000000fb27800000,0x000000fb27900000] [id=13412]
  0x0000020244442010 GCTaskThread "GC Thread#1" [stack: 0x000000fb28b00000,0x000000fb28c00000] [id=4024]
  0x0000020244059bc0 GCTaskThread "GC Thread#2" [stack: 0x000000fb28c00000,0x000000fb28d00000] [id=10376]
  0x000002023f7cfd30 GCTaskThread "GC Thread#3" [stack: 0x000000fb28d00000,0x000000fb28e00000] [id=15624]
  0x00000202211797a0 ConcurrentGCThread "G1 Main Marker" [stack: 0x000000fb27900000,0x000000fb27a00000] [id=4516]
  0x000002022117a0c0 ConcurrentGCThread "G1 Conc#0" [stack: 0x000000fb27a00000,0x000000fb27b00000] [id=3900]
  0x00000202211b3800 ConcurrentGCThread "G1 Refine#0" [stack: 0x000000fb27b00000,0x000000fb27c00000] [id=12324]
  0x000002024489b2f0 ConcurrentGCThread "G1 Refine#1" [stack: 0x000000fb29b00000,0x000000fb29c00000] [id=6576]
  0x000002023f142210 ConcurrentGCThread "G1 Service" [stack: 0x000000fb27c00000,0x000000fb27d00000] [id=8364]

Threads with active compile tasks:
C2 CompilerThread0  1315518 14955       4       org.gradle.api.internal.artifacts.ivyservice.resolveengine.result.DesugaredAttributeContainerSerializer::read (155 bytes)

VM state: not at safepoint (normal execution)

VM Mutex/Monitor currently owned by a thread:  ([mutex/lock_event])
[0x00000202210f72e0] Metaspace_lock - owner thread: 0x00000202486a0530

Heap address: 0x0000000700000000, size: 4096 MB, Compressed Oops mode: Zero based, Oop shift amount: 3

CDS archive(s) not mapped
Compressed class space mapped at: 0x0000000800000000-0x0000000840000000, reserved size: 1073741824
Narrow klass base: 0x0000000800000000, Narrow klass shift: 0, Narrow klass range: 0x40000000

GC Precious Log:
 CPUs: 4 total, 4 available
 Memory: 8071M
 Large Page Support: Disabled
 NUMA Support: Disabled
 Compressed Oops: Enabled (Zero based)
 Heap Region Size: 2M
 Heap Min Capacity: 8M
 Heap Initial Capacity: 128M
 Heap Max Capacity: 4G
 Pre-touch: Disabled
 Parallel Workers: 4
 Concurrent Workers: 1
 Concurrent Refinement Workers: 4
 Periodic GC: Disabled

Heap:
 garbage-first heap   total 397312K, used 162244K [0x0000000700000000, 0x0000000800000000)
  region size 2048K, 23 young (47104K), 3 survivors (6144K)
 Metaspace       used 106450K, committed 107520K, reserved 1179648K
  class space    used 14409K, committed 14848K, reserved 1048576K

Heap Regions: E=young(eden), S=young(survivor), O=old, HS=humongous(starts), HC=humongous(continues), CS=collection set, F=free, OA=open archive, CA=closed archive, TAMS=top-at-mark-start (previous, next)
|   0|0x0000000700000000, 0x0000000700200000, 0x0000000700200000|100%|HS|  |TAMS 0x0000000700200000, 0x0000000700000000| Complete 
|   1|0x0000000700200000, 0x0000000700400000, 0x0000000700400000|100%|HC|  |TAMS 0x0000000700400000, 0x0000000700200000| Complete 
|   2|0x0000000700400000, 0x0000000700600000, 0x0000000700600000|100%| O|  |TAMS 0x0000000700600000, 0x0000000700400000| Untracked 
|   3|0x0000000700600000, 0x0000000700800000, 0x0000000700800000|100%| O|  |TAMS 0x0000000700800000, 0x0000000700600000| Untracked 
|   4|0x0000000700800000, 0x0000000700a00000, 0x0000000700a00000|100%| O|  |TAMS 0x0000000700a00000, 0x0000000700800000| Untracked 
|   5|0x0000000700a00000, 0x0000000700c00000, 0x0000000700c00000|100%| O|  |TAMS 0x0000000700c00000, 0x0000000700a00000| Untracked 
|   6|0x0000000700c00000, 0x0000000700e00000, 0x0000000700e00000|100%| O|  |TAMS 0x0000000700e00000, 0x0000000700c00000| Untracked 
|   7|0x0000000700e00000, 0x0000000701000000, 0x0000000701000000|100%| O|  |TAMS 0x0000000701000000, 0x0000000700e00000| Untracked 
|   8|0x0000000701000000, 0x0000000701200000, 0x0000000701200000|100%| O|  |TAMS 0x0000000701200000, 0x0000000701000000| Untracked 
|   9|0x0000000701200000, 0x0000000701400000, 0x0000000701400000|100%| O|  |TAMS 0x0000000701400000, 0x0000000701200000| Untracked 
|  10|0x0000000701400000, 0x0000000701600000, 0x0000000701600000|100%| O|  |TAMS 0x0000000701600000, 0x0000000701400000| Untracked 
|  11|0x0000000701600000, 0x0000000701800000, 0x0000000701800000|100%| O|  |TAMS 0x0000000701800000, 0x0000000701600000| Untracked 
|  12|0x0000000701800000, 0x0000000701a00000, 0x0000000701a00000|100%| O|  |TAMS 0x0000000701a00000, 0x0000000701800000| Untracked 
|  13|0x0000000701a00000, 0x0000000701c00000, 0x0000000701c00000|100%| O|  |TAMS 0x0000000701c00000, 0x0000000701a00000| Untracked 
|  14|0x0000000701c00000, 0x0000000701e00000, 0x0000000701e00000|100%| O|  |TAMS 0x0000000701e00000, 0x0000000701c00000| Untracked 
|  15|0x0000000701e00000, 0x0000000702000000, 0x0000000702000000|100%| O|  |TAMS 0x0000000702000000, 0x0000000701e00000| Untracked 
|  16|0x0000000702000000, 0x0000000702200000, 0x0000000702200000|100%| O|  |TAMS 0x0000000702200000, 0x0000000702000000| Untracked 
|  17|0x0000000702200000, 0x0000000702400000, 0x0000000702400000|100%| O|  |TAMS 0x0000000702400000, 0x0000000702200000| Untracked 
|  18|0x0000000702400000, 0x0000000702600000, 0x0000000702600000|100%| O|  |TAMS 0x0000000702600000, 0x0000000702400000| Untracked 
|  19|0x0000000702600000, 0x0000000702800000, 0x0000000702800000|100%| O|  |TAMS 0x0000000702600000, 0x0000000702600000| Untracked 
|  20|0x0000000702800000, 0x0000000702a00000, 0x0000000702a00000|100%| O|  |TAMS 0x0000000702a00000, 0x0000000702800000| Untracked 
|  21|0x0000000702a00000, 0x0000000702c00000, 0x0000000702c00000|100%| O|  |TAMS 0x0000000702c00000, 0x0000000702a00000| Untracked 
|  22|0x0000000702c00000, 0x0000000702e00000, 0x0000000702e00000|100%| O|  |TAMS 0x0000000702e00000, 0x0000000702c00000| Untracked 
|  23|0x0000000702e00000, 0x0000000703000000, 0x0000000703000000|100%| O|  |TAMS 0x0000000703000000, 0x0000000702e00000| Untracked 
|  24|0x0000000703000000, 0x0000000703200000, 0x0000000703200000|100%|HS|  |TAMS 0x0000000703200000, 0x0000000703000000| Complete 
|  25|0x0000000703200000, 0x0000000703400000, 0x0000000703400000|100%| O|  |TAMS 0x0000000703400000, 0x0000000703200000| Untracked 
|  26|0x0000000703400000, 0x0000000703600000, 0x0000000703600000|100%| O|  |TAMS 0x0000000703600000, 0x0000000703400000| Untracked 
|  27|0x0000000703600000, 0x0000000703800000, 0x0000000703800000|100%|HS|  |TAMS 0x0000000703800000, 0x0000000703600000| Complete 
|  28|0x0000000703800000, 0x0000000703a00000, 0x0000000703a00000|100%|HC|  |TAMS 0x0000000703a00000, 0x0000000703800000| Complete 
|  29|0x0000000703a00000, 0x0000000703c00000, 0x0000000703c00000|100%| O|  |TAMS 0x0000000703c00000, 0x0000000703a00000| Untracked 
|  30|0x0000000703c00000, 0x0000000703e00000, 0x0000000703e00000|100%| O|  |TAMS 0x0000000703e00000, 0x0000000703c00000| Untracked 
|  31|0x0000000703e00000, 0x0000000704000000, 0x0000000704000000|100%| O|  |TAMS 0x0000000704000000, 0x0000000703e00000| Complete 
|  32|0x0000000704000000, 0x0000000704200000, 0x0000000704200000|100%| O|  |TAMS 0x0000000704200000, 0x0000000704000000| Untracked 
|  33|0x0000000704200000, 0x0000000704400000, 0x0000000704400000|100%| O|  |TAMS 0x0000000704200000, 0x0000000704200000| Untracked 
|  34|0x0000000704400000, 0x0000000704600000, 0x0000000704600000|100%| O|  |TAMS 0x0000000704600000, 0x0000000704400000| Untracked 
|  35|0x0000000704600000, 0x0000000704800000, 0x0000000704800000|100%| O|  |TAMS 0x0000000704800000, 0x0000000704600000| Untracked 
|  36|0x0000000704800000, 0x0000000704a00000, 0x0000000704a00000|100%| O|  |TAMS 0x0000000704a00000, 0x0000000704800000| Untracked 
|  37|0x0000000704a00000, 0x0000000704c00000, 0x0000000704c00000|100%| O|  |TAMS 0x0000000704c00000, 0x0000000704a00000| Untracked 
|  38|0x0000000704c00000, 0x0000000704e00000, 0x0000000704e00000|100%| O|  |TAMS 0x0000000704e00000, 0x0000000704c00000| Untracked 
|  39|0x0000000704e00000, 0x0000000705000000, 0x0000000705000000|100%| O|  |TAMS 0x0000000705000000, 0x0000000704e00000| Untracked 
|  40|0x0000000705000000, 0x0000000705200000, 0x0000000705200000|100%| O|  |TAMS 0x0000000705200000, 0x0000000705000000| Untracked 
|  41|0x0000000705200000, 0x0000000705400000, 0x0000000705400000|100%| O|  |TAMS 0x0000000705400000, 0x0000000705200000| Untracked 
|  42|0x0000000705400000, 0x0000000705600000, 0x0000000705600000|100%| O|  |TAMS 0x0000000705600000, 0x0000000705400000| Untracked 
|  43|0x0000000705600000, 0x0000000705800000, 0x0000000705800000|100%| O|  |TAMS 0x0000000705800000, 0x0000000705600000| Untracked 
|  44|0x0000000705800000, 0x0000000705a00000, 0x0000000705a00000|100%| O|  |TAMS 0x0000000705a00000, 0x0000000705800000| Untracked 
|  45|0x0000000705a00000, 0x0000000705c00000, 0x0000000705c00000|100%| O|  |TAMS 0x0000000705c00000, 0x0000000705a00000| Untracked 
|  46|0x0000000705c00000, 0x0000000705e00000, 0x0000000705e00000|100%| O|  |TAMS 0x0000000705e00000, 0x0000000705c00000| Untracked 
|  47|0x0000000705e00000, 0x0000000706000000, 0x0000000706000000|100%| O|  |TAMS 0x0000000706000000, 0x0000000705e00000| Untracked 
|  48|0x0000000706000000, 0x0000000706200000, 0x0000000706200000|100%| O|  |TAMS 0x0000000706200000, 0x0000000706000000| Complete 
|  49|0x0000000706200000, 0x0000000706400000, 0x0000000706400000|100%| O|  |TAMS 0x0000000706400000, 0x0000000706200000| Untracked 
|  50|0x0000000706400000, 0x0000000706600000, 0x0000000706600000|100%| O|  |TAMS 0x0000000706600000, 0x0000000706400000| Untracked 
|  51|0x0000000706600000, 0x0000000706800000, 0x0000000706800000|100%| O|  |TAMS 0x0000000706800000, 0x0000000706600000| Untracked 
|  52|0x0000000706800000, 0x0000000706a00000, 0x0000000706a00000|100%| O|  |TAMS 0x0000000706a00000, 0x0000000706800000| Untracked 
|  53|0x0000000706a00000, 0x0000000706c00000, 0x0000000706c00000|100%| O|  |TAMS 0x0000000706c00000, 0x0000000706a00000| Untracked 
|  54|0x0000000706c00000, 0x0000000706e00000, 0x0000000706e00000|100%| O|  |TAMS 0x0000000706e00000, 0x0000000706c00000| Untracked 
|  55|0x0000000706e00000, 0x0000000707000000, 0x0000000707000000|100%| O|  |TAMS 0x0000000707000000, 0x0000000706e00000| Untracked 
|  56|0x0000000707000000, 0x0000000707200000, 0x0000000707200000|100%| O|  |TAMS 0x0000000707130200, 0x0000000707000000| Untracked 
|  57|0x0000000707200000, 0x0000000707271000, 0x0000000707400000| 22%| O|  |TAMS 0x0000000707200000, 0x0000000707200000| Untracked 
|  58|0x0000000707400000, 0x0000000707400000, 0x0000000707600000|  0%| F|  |TAMS 0x0000000707400000, 0x0000000707400000| Untracked 
|  59|0x0000000707600000, 0x0000000707600000, 0x0000000707800000|  0%| F|  |TAMS 0x0000000707600000, 0x0000000707600000| Untracked 
|  60|0x0000000707800000, 0x0000000707800000, 0x0000000707a00000|  0%| F|  |TAMS 0x0000000707800000, 0x0000000707800000| Untracked 
|  61|0x0000000707a00000, 0x0000000707a00000, 0x0000000707c00000|  0%| F|  |TAMS 0x0000000707a00000, 0x0000000707a00000| Untracked 
|  62|0x0000000707c00000, 0x0000000707c00000, 0x0000000707e00000|  0%| F|  |TAMS 0x0000000707c00000, 0x0000000707c00000| Untracked 
|  63|0x0000000707e00000, 0x0000000707e00000, 0x0000000708000000|  0%| F|  |TAMS 0x0000000707e00000, 0x0000000707e00000| Untracked 
|  64|0x0000000708000000, 0x0000000708000000, 0x0000000708200000|  0%| F|  |TAMS 0x0000000708000000, 0x0000000708000000| Untracked 
|  65|0x0000000708200000, 0x0000000708200000, 0x0000000708400000|  0%| F|  |TAMS 0x0000000708200000, 0x0000000708200000| Untracked 
|  66|0x0000000708400000, 0x0000000708400000, 0x0000000708600000|  0%| F|  |TAMS 0x0000000708400000, 0x0000000708400000| Untracked 
|  67|0x0000000708600000, 0x0000000708600000, 0x0000000708800000|  0%| F|  |TAMS 0x0000000708600000, 0x0000000708600000| Untracked 
|  68|0x0000000708800000, 0x0000000708800000, 0x0000000708a00000|  0%| F|  |TAMS 0x0000000708800000, 0x0000000708800000| Untracked 
|  69|0x0000000708a00000, 0x0000000708a00000, 0x0000000708c00000|  0%| F|  |TAMS 0x0000000708a00000, 0x0000000708a00000| Untracked 
|  70|0x0000000708c00000, 0x0000000708c00000, 0x0000000708e00000|  0%| F|  |TAMS 0x0000000708c00000, 0x0000000708c00000| Untracked 
|  71|0x0000000708e00000, 0x0000000709000000, 0x0000000709000000|100%| S|CS|TAMS 0x0000000708e00000, 0x0000000708e00000| Complete 
|  72|0x0000000709000000, 0x0000000709200000, 0x0000000709200000|100%| S|CS|TAMS 0x0000000709000000, 0x0000000709000000| Complete 
|  73|0x0000000709200000, 0x0000000709400000, 0x0000000709400000|100%| S|CS|TAMS 0x0000000709200000, 0x0000000709200000| Complete 
|  74|0x0000000709400000, 0x0000000709400000, 0x0000000709600000|  0%| F|  |TAMS 0x0000000709400000, 0x0000000709400000| Untracked 
|  75|0x0000000709600000, 0x0000000709600000, 0x0000000709800000|  0%| F|  |TAMS 0x0000000709600000, 0x0000000709600000| Untracked 
|  76|0x0000000709800000, 0x0000000709800000, 0x0000000709a00000|  0%| F|  |TAMS 0x0000000709800000, 0x0000000709800000| Untracked 
|  77|0x0000000709a00000, 0x0000000709a00000, 0x0000000709c00000|  0%| F|  |TAMS 0x0000000709a00000, 0x0000000709a00000| Untracked 
|  78|0x0000000709c00000, 0x0000000709c00000, 0x0000000709e00000|  0%| F|  |TAMS 0x0000000709c00000, 0x0000000709c00000| Untracked 
|  79|0x0000000709e00000, 0x0000000709e00000, 0x000000070a000000|  0%| F|  |TAMS 0x0000000709e00000, 0x0000000709e00000| Untracked 
|  80|0x000000070a000000, 0x000000070a000000, 0x000000070a200000|  0%| F|  |TAMS 0x000000070a000000, 0x000000070a000000| Untracked 
|  81|0x000000070a200000, 0x000000070a200000, 0x000000070a400000|  0%| F|  |TAMS 0x000000070a200000, 0x000000070a200000| Untracked 
|  82|0x000000070a400000, 0x000000070a400000, 0x000000070a600000|  0%| F|  |TAMS 0x000000070a400000, 0x000000070a400000| Untracked 
|  83|0x000000070a600000, 0x000000070a600000, 0x000000070a800000|  0%| F|  |TAMS 0x000000070a600000, 0x000000070a600000| Untracked 
|  84|0x000000070a800000, 0x000000070a800000, 0x000000070aa00000|  0%| F|  |TAMS 0x000000070a800000, 0x000000070a800000| Untracked 
|  85|0x000000070aa00000, 0x000000070aa00000, 0x000000070ac00000|  0%| F|  |TAMS 0x000000070aa00000, 0x000000070aa00000| Untracked 
|  86|0x000000070ac00000, 0x000000070ac00000, 0x000000070ae00000|  0%| F|  |TAMS 0x000000070ac00000, 0x000000070ac00000| Untracked 
|  87|0x000000070ae00000, 0x000000070ae00000, 0x000000070b000000|  0%| F|  |TAMS 0x000000070ae00000, 0x000000070ae00000| Untracked 
|  88|0x000000070b000000, 0x000000070b000000, 0x000000070b200000|  0%| F|  |TAMS 0x000000070b000000, 0x000000070b000000| Untracked 
|  89|0x000000070b200000, 0x000000070b200000, 0x000000070b400000|  0%| F|  |TAMS 0x000000070b200000, 0x000000070b200000| Untracked 
|  90|0x000000070b400000, 0x000000070b400000, 0x000000070b600000|  0%| F|  |TAMS 0x000000070b400000, 0x000000070b400000| Untracked 
|  91|0x000000070b600000, 0x000000070b600000, 0x000000070b800000|  0%| F|  |TAMS 0x000000070b600000, 0x000000070b600000| Untracked 
|  92|0x000000070b800000, 0x000000070b800000, 0x000000070ba00000|  0%| F|  |TAMS 0x000000070b800000, 0x000000070b800000| Untracked 
|  93|0x000000070ba00000, 0x000000070ba00000, 0x000000070bc00000|  0%| F|  |TAMS 0x000000070ba00000, 0x000000070ba00000| Untracked 
|  94|0x000000070bc00000, 0x000000070bc00000, 0x000000070be00000|  0%| F|  |TAMS 0x000000070bc00000, 0x000000070bc00000| Untracked 
|  95|0x000000070be00000, 0x000000070be00000, 0x000000070c000000|  0%| F|  |TAMS 0x000000070be00000, 0x000000070be00000| Untracked 
|  96|0x000000070c000000, 0x000000070c000000, 0x000000070c200000|  0%| F|  |TAMS 0x000000070c000000, 0x000000070c000000| Untracked 
|  97|0x000000070c200000, 0x000000070c200000, 0x000000070c400000|  0%| F|  |TAMS 0x000000070c200000, 0x000000070c200000| Untracked 
|  98|0x000000070c400000, 0x000000070c400000, 0x000000070c600000|  0%| F|  |TAMS 0x000000070c400000, 0x000000070c400000| Untracked 
|  99|0x000000070c600000, 0x000000070c600000, 0x000000070c800000|  0%| F|  |TAMS 0x000000070c600000, 0x000000070c600000| Untracked 
| 100|0x000000070c800000, 0x000000070c800000, 0x000000070ca00000|  0%| F|  |TAMS 0x000000070c800000, 0x000000070c800000| Untracked 
| 101|0x000000070ca00000, 0x000000070ca00000, 0x000000070cc00000|  0%| F|  |TAMS 0x000000070ca00000, 0x000000070ca00000| Untracked 
| 102|0x000000070cc00000, 0x000000070cc00000, 0x000000070ce00000|  0%| F|  |TAMS 0x000000070cc00000, 0x000000070cc00000| Untracked 
| 103|0x000000070ce00000, 0x000000070ce00000, 0x000000070d000000|  0%| F|  |TAMS 0x000000070ce00000, 0x000000070ce00000| Untracked 
| 104|0x000000070d000000, 0x000000070d000000, 0x000000070d200000|  0%| F|  |TAMS 0x000000070d000000, 0x000000070d000000| Untracked 
| 105|0x000000070d200000, 0x000000070d200000, 0x000000070d400000|  0%| F|  |TAMS 0x000000070d200000, 0x000000070d200000| Untracked 
| 106|0x000000070d400000, 0x000000070d400000, 0x000000070d600000|  0%| F|  |TAMS 0x000000070d400000, 0x000000070d400000| Untracked 
| 107|0x000000070d600000, 0x000000070d600000, 0x000000070d800000|  0%| F|  |TAMS 0x000000070d600000, 0x000000070d600000| Untracked 
| 108|0x000000070d800000, 0x000000070d800000, 0x000000070da00000|  0%| F|  |TAMS 0x000000070d800000, 0x000000070d800000| Untracked 
| 109|0x000000070da00000, 0x000000070da00000, 0x000000070dc00000|  0%| F|  |TAMS 0x000000070da00000, 0x000000070da00000| Untracked 
| 110|0x000000070dc00000, 0x000000070dc00000, 0x000000070de00000|  0%| F|  |TAMS 0x000000070dc00000, 0x000000070dc00000| Untracked 
| 111|0x000000070de00000, 0x000000070de00000, 0x000000070e000000|  0%| F|  |TAMS 0x000000070de00000, 0x000000070de00000| Untracked 
| 112|0x000000070e000000, 0x000000070e000000, 0x000000070e200000|  0%| F|  |TAMS 0x000000070e000000, 0x000000070e000000| Untracked 
| 113|0x000000070e200000, 0x000000070e200000, 0x000000070e400000|  0%| F|  |TAMS 0x000000070e200000, 0x000000070e200000| Untracked 
| 114|0x000000070e400000, 0x000000070e400000, 0x000000070e600000|  0%| F|  |TAMS 0x000000070e400000, 0x000000070e400000| Untracked 
| 115|0x000000070e600000, 0x000000070e600000, 0x000000070e800000|  0%| F|  |TAMS 0x000000070e600000, 0x000000070e600000| Untracked 
| 116|0x000000070e800000, 0x000000070e800000, 0x000000070ea00000|  0%| F|  |TAMS 0x000000070e800000, 0x000000070e800000| Untracked 
| 117|0x000000070ea00000, 0x000000070ea00000, 0x000000070ec00000|  0%| F|  |TAMS 0x000000070ea00000, 0x000000070ea00000| Untracked 
| 118|0x000000070ec00000, 0x000000070ec00000, 0x000000070ee00000|  0%| F|  |TAMS 0x000000070ec00000, 0x000000070ec00000| Untracked 
| 119|0x000000070ee00000, 0x000000070ee00000, 0x000000070f000000|  0%| F|  |TAMS 0x000000070ee00000, 0x000000070ee00000| Untracked 
| 120|0x000000070f000000, 0x000000070f000000, 0x000000070f200000|  0%| F|  |TAMS 0x000000070f000000, 0x000000070f000000| Untracked 
| 121|0x000000070f200000, 0x000000070f200000, 0x000000070f400000|  0%| F|  |TAMS 0x000000070f200000, 0x000000070f200000| Untracked 
| 122|0x000000070f400000, 0x000000070f400000, 0x000000070f600000|  0%| F|  |TAMS 0x000000070f400000, 0x000000070f400000| Untracked 
| 123|0x000000070f600000, 0x000000070f600000, 0x000000070f800000|  0%| F|  |TAMS 0x000000070f600000, 0x000000070f600000| Untracked 
| 124|0x000000070f800000, 0x000000070f800000, 0x000000070fa00000|  0%| F|  |TAMS 0x000000070f800000, 0x000000070f800000| Untracked 
| 125|0x000000070fa00000, 0x000000070fa00000, 0x000000070fc00000|  0%| F|  |TAMS 0x000000070fa00000, 0x000000070fa00000| Untracked 
| 126|0x000000070fc00000, 0x000000070fc00000, 0x000000070fe00000|  0%| F|  |TAMS 0x000000070fc00000, 0x000000070fc00000| Untracked 
| 127|0x000000070fe00000, 0x000000070fe00000, 0x0000000710000000|  0%| F|  |TAMS 0x000000070fe00000, 0x000000070fe00000| Untracked 
| 128|0x0000000710000000, 0x0000000710000000, 0x0000000710200000|  0%| F|  |TAMS 0x0000000710000000, 0x0000000710000000| Untracked 
| 129|0x0000000710200000, 0x0000000710200000, 0x0000000710400000|  0%| F|  |TAMS 0x0000000710200000, 0x0000000710200000| Untracked 
| 130|0x0000000710400000, 0x0000000710400000, 0x0000000710600000|  0%| F|  |TAMS 0x0000000710400000, 0x0000000710400000| Untracked 
| 131|0x0000000710600000, 0x0000000710600000, 0x0000000710800000|  0%| F|  |TAMS 0x0000000710600000, 0x0000000710600000| Untracked 
| 132|0x0000000710800000, 0x0000000710800000, 0x0000000710a00000|  0%| F|  |TAMS 0x0000000710800000, 0x0000000710800000| Untracked 
| 133|0x0000000710a00000, 0x0000000710a00000, 0x0000000710c00000|  0%| F|  |TAMS 0x0000000710a00000, 0x0000000710a00000| Untracked 
| 134|0x0000000710c00000, 0x0000000710c00000, 0x0000000710e00000|  0%| F|  |TAMS 0x0000000710c00000, 0x0000000710c00000| Untracked 
| 135|0x0000000710e00000, 0x0000000710e00000, 0x0000000711000000|  0%| F|  |TAMS 0x0000000710e00000, 0x0000000710e00000| Untracked 
| 136|0x0000000711000000, 0x0000000711000000, 0x0000000711200000|  0%| F|  |TAMS 0x0000000711000000, 0x0000000711000000| Untracked 
| 137|0x0000000711200000, 0x0000000711200000, 0x0000000711400000|  0%| F|  |TAMS 0x0000000711200000, 0x0000000711200000| Untracked 
| 138|0x0000000711400000, 0x0000000711400000, 0x0000000711600000|  0%| F|  |TAMS 0x0000000711400000, 0x0000000711400000| Untracked 
| 139|0x0000000711600000, 0x0000000711600000, 0x0000000711800000|  0%| F|  |TAMS 0x0000000711600000, 0x0000000711600000| Untracked 
| 140|0x0000000711800000, 0x0000000711800000, 0x0000000711a00000|  0%| F|  |TAMS 0x0000000711800000, 0x0000000711800000| Untracked 
| 141|0x0000000711a00000, 0x0000000711a00000, 0x0000000711c00000|  0%| F|  |TAMS 0x0000000711a00000, 0x0000000711a00000| Untracked 
| 142|0x0000000711c00000, 0x0000000711c00000, 0x0000000711e00000|  0%| F|  |TAMS 0x0000000711c00000, 0x0000000711c00000| Untracked 
| 143|0x0000000711e00000, 0x0000000711e00000, 0x0000000712000000|  0%| F|  |TAMS 0x0000000711e00000, 0x0000000711e00000| Untracked 
| 144|0x0000000712000000, 0x0000000712000000, 0x0000000712200000|  0%| F|  |TAMS 0x0000000712000000, 0x0000000712000000| Untracked 
| 145|0x0000000712200000, 0x0000000712200000, 0x0000000712400000|  0%| F|  |TAMS 0x0000000712200000, 0x0000000712200000| Untracked 
| 146|0x0000000712400000, 0x0000000712400000, 0x0000000712600000|  0%| F|  |TAMS 0x0000000712400000, 0x0000000712400000| Untracked 
| 147|0x0000000712600000, 0x0000000712600000, 0x0000000712800000|  0%| F|  |TAMS 0x0000000712600000, 0x0000000712600000| Untracked 
| 148|0x0000000712800000, 0x0000000712800000, 0x0000000712a00000|  0%| F|  |TAMS 0x0000000712800000, 0x0000000712800000| Untracked 
| 149|0x0000000712a00000, 0x0000000712a00000, 0x0000000712c00000|  0%| F|  |TAMS 0x0000000712a00000, 0x0000000712a00000| Untracked 
| 150|0x0000000712c00000, 0x0000000712c00000, 0x0000000712e00000|  0%| F|  |TAMS 0x0000000712c00000, 0x0000000712c00000| Untracked 
| 151|0x0000000712e00000, 0x0000000712e00000, 0x0000000713000000|  0%| F|  |TAMS 0x0000000712e00000, 0x0000000712e00000| Untracked 
| 152|0x0000000713000000, 0x0000000713000000, 0x0000000713200000|  0%| F|  |TAMS 0x0000000713000000, 0x0000000713000000| Untracked 
| 153|0x0000000713200000, 0x0000000713200000, 0x0000000713400000|  0%| F|  |TAMS 0x0000000713200000, 0x0000000713200000| Untracked 
| 154|0x0000000713400000, 0x0000000713400000, 0x0000000713600000|  0%| F|  |TAMS 0x0000000713400000, 0x0000000713400000| Untracked 
| 155|0x0000000713600000, 0x0000000713600000, 0x0000000713800000|  0%| F|  |TAMS 0x0000000713600000, 0x0000000713600000| Untracked 
| 156|0x0000000713800000, 0x0000000713800000, 0x0000000713a00000|  0%| F|  |TAMS 0x0000000713800000, 0x0000000713800000| Untracked 
| 157|0x0000000713a00000, 0x0000000713a00000, 0x0000000713c00000|  0%| F|  |TAMS 0x0000000713a00000, 0x0000000713a00000| Untracked 
| 158|0x0000000713c00000, 0x0000000713c00000, 0x0000000713e00000|  0%| F|  |TAMS 0x0000000713c00000, 0x0000000713c00000| Untracked 
| 159|0x0000000713e00000, 0x0000000713e00000, 0x0000000714000000|  0%| F|  |TAMS 0x0000000713e00000, 0x0000000713e00000| Untracked 
| 160|0x0000000714000000, 0x0000000714000000, 0x0000000714200000|  0%| F|  |TAMS 0x0000000714000000, 0x0000000714000000| Untracked 
| 161|0x0000000714200000, 0x0000000714200000, 0x0000000714400000|  0%| F|  |TAMS 0x0000000714200000, 0x0000000714200000| Untracked 
| 162|0x0000000714400000, 0x0000000714400000, 0x0000000714600000|  0%| F|  |TAMS 0x0000000714400000, 0x0000000714400000| Untracked 
| 163|0x0000000714600000, 0x0000000714600000, 0x0000000714800000|  0%| F|  |TAMS 0x0000000714600000, 0x0000000714600000| Untracked 
| 164|0x0000000714800000, 0x0000000714800000, 0x0000000714a00000|  0%| F|  |TAMS 0x0000000714800000, 0x0000000714800000| Untracked 
| 165|0x0000000714a00000, 0x0000000714a00000, 0x0000000714c00000|  0%| F|  |TAMS 0x0000000714a00000, 0x0000000714a00000| Untracked 
| 166|0x0000000714c00000, 0x0000000714c00000, 0x0000000714e00000|  0%| F|  |TAMS 0x0000000714c00000, 0x0000000714c00000| Untracked 
| 167|0x0000000714e00000, 0x0000000714e00000, 0x0000000715000000|  0%| F|  |TAMS 0x0000000714e00000, 0x0000000714e00000| Untracked 
| 168|0x0000000715000000, 0x0000000715000000, 0x0000000715200000|  0%| F|  |TAMS 0x0000000715000000, 0x0000000715000000| Untracked 
| 169|0x0000000715200000, 0x0000000715200000, 0x0000000715400000|  0%| F|  |TAMS 0x0000000715200000, 0x0000000715200000| Untracked 
| 170|0x0000000715400000, 0x0000000715400000, 0x0000000715600000|  0%| F|  |TAMS 0x0000000715400000, 0x0000000715400000| Untracked 
| 171|0x0000000715600000, 0x0000000715600000, 0x0000000715800000|  0%| F|  |TAMS 0x0000000715600000, 0x0000000715600000| Untracked 
| 172|0x0000000715800000, 0x0000000715800000, 0x0000000715a00000|  0%| F|  |TAMS 0x0000000715800000, 0x0000000715800000| Untracked 
| 173|0x0000000715a00000, 0x0000000715a00000, 0x0000000715c00000|  0%| F|  |TAMS 0x0000000715a00000, 0x0000000715a00000| Untracked 
| 174|0x0000000715c00000, 0x0000000715e00000, 0x0000000715e00000|100%| E|  |TAMS 0x0000000715c00000, 0x0000000715c00000| Complete 
| 175|0x0000000715e00000, 0x0000000716000000, 0x0000000716000000|100%| E|CS|TAMS 0x0000000715e00000, 0x0000000715e00000| Complete 
| 176|0x0000000716000000, 0x0000000716200000, 0x0000000716200000|100%| E|CS|TAMS 0x0000000716000000, 0x0000000716000000| Complete 
| 177|0x0000000716200000, 0x0000000716400000, 0x0000000716400000|100%| E|CS|TAMS 0x0000000716200000, 0x0000000716200000| Complete 
| 178|0x0000000716400000, 0x0000000716600000, 0x0000000716600000|100%| E|CS|TAMS 0x0000000716400000, 0x0000000716400000| Complete 
| 179|0x0000000716600000, 0x0000000716800000, 0x0000000716800000|100%| E|CS|TAMS 0x0000000716600000, 0x0000000716600000| Complete 
| 180|0x0000000716800000, 0x0000000716a00000, 0x0000000716a00000|100%| E|CS|TAMS 0x0000000716800000, 0x0000000716800000| Complete 
| 181|0x0000000716a00000, 0x0000000716c00000, 0x0000000716c00000|100%| E|CS|TAMS 0x0000000716a00000, 0x0000000716a00000| Complete 
| 182|0x0000000716c00000, 0x0000000716e00000, 0x0000000716e00000|100%| E|CS|TAMS 0x0000000716c00000, 0x0000000716c00000| Complete 
| 183|0x0000000716e00000, 0x0000000717000000, 0x0000000717000000|100%| E|CS|TAMS 0x0000000716e00000, 0x0000000716e00000| Complete 
| 184|0x0000000717000000, 0x0000000717200000, 0x0000000717200000|100%| E|CS|TAMS 0x0000000717000000, 0x0000000717000000| Complete 
| 185|0x0000000717200000, 0x0000000717400000, 0x0000000717400000|100%| E|CS|TAMS 0x0000000717200000, 0x0000000717200000| Complete 
| 186|0x0000000717400000, 0x0000000717600000, 0x0000000717600000|100%| E|CS|TAMS 0x0000000717400000, 0x0000000717400000| Complete 
| 187|0x0000000717600000, 0x0000000717800000, 0x0000000717800000|100%| E|CS|TAMS 0x0000000717600000, 0x0000000717600000| Complete 
| 188|0x0000000717800000, 0x0000000717a00000, 0x0000000717a00000|100%| E|CS|TAMS 0x0000000717800000, 0x0000000717800000| Complete 
| 189|0x0000000717a00000, 0x0000000717c00000, 0x0000000717c00000|100%| E|CS|TAMS 0x0000000717a00000, 0x0000000717a00000| Complete 
| 190|0x0000000717c00000, 0x0000000717e00000, 0x0000000717e00000|100%| E|CS|TAMS 0x0000000717c00000, 0x0000000717c00000| Complete 
| 191|0x0000000717e00000, 0x0000000718000000, 0x0000000718000000|100%| E|CS|TAMS 0x0000000717e00000, 0x0000000717e00000| Complete 
| 192|0x0000000718000000, 0x0000000718200000, 0x0000000718200000|100%| E|CS|TAMS 0x0000000718000000, 0x0000000718000000| Complete 
| 193|0x0000000718200000, 0x0000000718400000, 0x0000000718400000|100%| E|CS|TAMS 0x0000000718200000, 0x0000000718200000| Complete 

Card table byte_map: [0x0000020233dd0000,0x00000202345d0000] _byte_map_base: 0x00000202305d0000

Marking Bits (Prev, Next): (CMBitMap*) 0x0000020221168710, (CMBitMap*) 0x00000202211686d0
 Prev Bits: [0x0000020238dd0000, 0x000002023cdd0000)
 Next Bits: [0x0000020234dd0000, 0x0000020238dd0000)

Polling page: 0x000002021f260000

Metaspace:

Usage:
  Non-class:     89.88 MB used.
      Class:     14.07 MB used.
       Both:    103.96 MB used.

Virtual space:
  Non-class space:      128.00 MB reserved,      90.50 MB ( 71%) committed,  2 nodes.
      Class space:        1.00 GB reserved,      14.50 MB (  1%) committed,  1 nodes.
             Both:        1.12 GB reserved,     105.00 MB (  9%) committed. 

Chunk freelists:
   Non-Class:  4.86 MB
       Class:  1.30 MB
        Both:  6.16 MB

MaxMetaspaceSize: unlimited
CompressedClassSpaceSize: 1.00 GB
Initial GC threshold: 21.00 MB
Current GC threshold: 174.06 MB
CDS: off
MetaspaceReclaimPolicy: balanced
 - commit_granule_bytes: 65536.
 - commit_granule_words: 8192.
 - virtual_space_node_default_size: 8388608.
 - enlarge_chunks_in_place: 1.
 - new_chunks_are_fully_committed: 0.
 - uncommit_free_chunks: 1.
 - use_allocation_guard: 0.
 - handle_deallocations: 1.


Internal statistics:

num_allocs_failed_limit: 6.
num_arena_births: 1324.
num_arena_deaths: 12.
num_vsnodes_births: 3.
num_vsnodes_deaths: 0.
num_space_committed: 1680.
num_space_uncommitted: 0.
num_chunks_returned_to_freelist: 34.
num_chunks_taken_from_freelist: 5397.
num_chunk_merges: 6.
num_chunk_splits: 3489.
num_chunks_enlarged: 2259.
num_inconsistent_stats: 0.

CodeHeap 'non-profiled nmethods': size=120000Kb used=7879Kb max_used=8310Kb free=112120Kb
 bounds [0x000002022c0a0000, 0x000002022c8c0000, 0x00000202335d0000]
CodeHeap 'profiled nmethods': size=120000Kb used=25045Kb max_used=27069Kb free=94954Kb
 bounds [0x00000202245d0000, 0x0000020226040000, 0x000002022bb00000]
CodeHeap 'non-nmethods': size=5760Kb used=2449Kb max_used=2569Kb free=3310Kb
 bounds [0x000002022bb00000, 0x000002022bdb0000, 0x000002022c0a0000]
 total_blobs=13576 nmethods=12590 adapters=897
 compilation: enabled
              stopped_count=0, restarted_count=0
 full_count=0

Compilation events (20 events):
Event: 1315.273 Thread 0x000002023f463fe0 15029   !   3       com.google.common.cache.LocalCache$Segment::runLockedCleanup (39 bytes)
Event: 1315.274 Thread 0x000002023f463fe0 nmethod 15029 0x0000020224ce5410 code [0x0000020224ce5680, 0x0000020224ce61d8]
Event: 1315.286 Thread 0x000002023f463fe0 15031       1       org.gradle.api.internal.provider.Collectors$TypedCollector::getType (5 bytes)
Event: 1315.286 Thread 0x000002023f463fe0 nmethod 15031 0x000002022c6d1b90 code [0x000002022c6d1d20, 0x000002022c6d1df8]
Event: 1315.305 Thread 0x000002023f463fe0 15032       3       org.gradle.api.internal.tasks.TaskStateInternal::getExecuted (13 bytes)
Event: 1315.305 Thread 0x000002023f463fe0 nmethod 15032 0x0000020224651010 code [0x00000202246511a0, 0x0000020224651318]
Event: 1315.306 Thread 0x000002023f463fe0 15033       3       org.gradle.api.internal.tasks.TaskStateInternal::isConfigurable (20 bytes)
Event: 1315.306 Thread 0x000002023f463fe0 nmethod 15033 0x0000020224b90d10 code [0x0000020224b90ec0, 0x0000020224b91138]
Event: 1315.306 Thread 0x000002023f463fe0 15034       3       org.gradle.api.internal.provider.Collectors$TypedCollector::equals (63 bytes)
Event: 1315.307 Thread 0x000002023f463fe0 nmethod 15034 0x0000020224a6f810 code [0x0000020224a6fa00, 0x0000020224a70288]
Event: 1315.307 Thread 0x000002023f463fe0 15035       3       com.google.common.base.Joiner::join (11 bytes)
Event: 1315.308 Thread 0x000002023f463fe0 nmethod 15035 0x000002022495e290 code [0x000002022495e4a0, 0x000002022495ea48]
Event: 1315.308 Thread 0x000002023f463fe0 15036       3       com.google.common.base.Joiner::join (16 bytes)
Event: 1315.310 Thread 0x000002023f463fe0 nmethod 15036 0x00000202248f7790 code [0x00000202248f79a0, 0x00000202248f8008]
Event: 1315.319 Thread 0x000002023f463fe0 15037       3       org.gradle.api.internal.provider.AbstractProperty::beforeRead (29 bytes)
Event: 1315.320 Thread 0x000002023f463fe0 nmethod 15037 0x0000020224b0fd90 code [0x0000020224b0ff60, 0x0000020224b103c8]
Event: 1315.320 Thread 0x000002023f463fe0 15038       1       org.gradle.api.internal.AbstractTask::getOutputs (5 bytes)
Event: 1315.320 Thread 0x000002023f463fe0 nmethod 15038 0x000002022c6d1890 code [0x000002022c6d1a20, 0x000002022c6d1af8]
Event: 1315.321 Thread 0x000002023f463fe0 15039       3       com.android.build.gradle.internal.scope.BuildFeatureValuesImpl::getDataBinding (20 bytes)
Event: 1315.321 Thread 0x000002023f463fe0 nmethod 15039 0x000002022477e790 code [0x000002022477e920, 0x000002022477eaf8]

GC Heap History (20 events):
Event: 38.913 GC heap before
{Heap before GC invocations=49 (full 0):
 garbage-first heap   total 153600K, used 108267K [0x0000000700000000, 0x0000000800000000)
  region size 2048K, 17 young (34816K), 3 survivors (6144K)
 Metaspace       used 91967K, committed 92608K, reserved 1179648K
  class space    used 12369K, committed 12672K, reserved 1048576K
}
Event: 38.925 GC heap after
{Heap after GC invocations=50 (full 0):
 garbage-first heap   total 153600K, used 80638K [0x0000000700000000, 0x0000000800000000)
  region size 2048K, 2 young (4096K), 2 survivors (4096K)
 Metaspace       used 91967K, committed 92608K, reserved 1179648K
  class space    used 12369K, committed 12672K, reserved 1048576K
}
Event: 38.993 GC heap before
{Heap before GC invocations=50 (full 0):
 garbage-first heap   total 153600K, used 82686K [0x0000000700000000, 0x0000000800000000)
  region size 2048K, 3 young (6144K), 2 survivors (4096K)
 Metaspace       used 91972K, committed 92608K, reserved 1179648K
  class space    used 12369K, committed 12672K, reserved 1048576K
}
Event: 39.001 GC heap after
{Heap after GC invocations=51 (full 0):
 garbage-first heap   total 184320K, used 80129K [0x0000000700000000, 0x0000000800000000)
  region size 2048K, 1 young (2048K), 1 survivors (2048K)
 Metaspace       used 91972K, committed 92608K, reserved 1179648K
  class space    used 12369K, committed 12672K, reserved 1048576K
}
Event: 457.063 GC heap before
{Heap before GC invocations=51 (full 0):
 garbage-first heap   total 184320K, used 149761K [0x0000000700000000, 0x0000000800000000)
  region size 2048K, 35 young (71680K), 1 survivors (2048K)
 Metaspace       used 94223K, committed 94976K, reserved 1179648K
  class space    used 12637K, committed 12992K, reserved 1048576K
}
Event: 457.074 GC heap after
{Heap after GC invocations=52 (full 0):
 garbage-first heap   total 184320K, used 82555K [0x0000000700000000, 0x0000000800000000)
  region size 2048K, 2 young (4096K), 2 survivors (4096K)
 Metaspace       used 94223K, committed 94976K, reserved 1179648K
  class space    used 12637K, committed 12992K, reserved 1048576K
}
Event: 1104.952 GC heap before
{Heap before GC invocations=52 (full 0):
 garbage-first heap   total 184320K, used 148091K [0x0000000700000000, 0x0000000800000000)
  region size 2048K, 35 young (71680K), 2 survivors (4096K)
 Metaspace       used 95231K, committed 96128K, reserved 1179648K
  class space    used 12682K, committed 13120K, reserved 1048576K
}
Event: 1105.060 GC heap after
{Heap after GC invocations=53 (full 0):
 garbage-first heap   total 184320K, used 82887K [0x0000000700000000, 0x0000000800000000)
  region size 2048K, 2 young (4096K), 2 survivors (4096K)
 Metaspace       used 95231K, committed 96128K, reserved 1179648K
  class space    used 12682K, committed 13120K, reserved 1048576K
}
Event: 1302.886 GC heap before
{Heap before GC invocations=53 (full 0):
 garbage-first heap   total 184320K, used 152519K [0x0000000700000000, 0x0000000800000000)
  region size 2048K, 36 young (73728K), 2 survivors (4096K)
 Metaspace       used 97369K, committed 98240K, reserved 1179648K
  class space    used 12899K, committed 13312K, reserved 1048576K
}
Event: 1302.940 GC heap after
{Heap after GC invocations=54 (full 0):
 garbage-first heap   total 184320K, used 88219K [0x0000000700000000, 0x0000000800000000)
  region size 2048K, 5 young (10240K), 5 survivors (10240K)
 Metaspace       used 97369K, committed 98240K, reserved 1179648K
  class space    used 12899K, committed 13312K, reserved 1048576K
}
Event: 1306.646 GC heap before
{Heap before GC invocations=54 (full 0):
 garbage-first heap   total 184320K, used 151707K [0x0000000700000000, 0x0000000800000000)
  region size 2048K, 36 young (73728K), 5 survivors (10240K)
 Metaspace       used 102755K, committed 103680K, reserved 1179648K
  class space    used 13840K, committed 14272K, reserved 1048576K
}
Event: 1306.728 GC heap after
{Heap after GC invocations=55 (full 0):
 garbage-first heap   total 184320K, used 93059K [0x0000000700000000, 0x0000000800000000)
  region size 2048K, 3 young (6144K), 3 survivors (6144K)
 Metaspace       used 102755K, committed 103680K, reserved 1179648K
  class space    used 13840K, committed 14272K, reserved 1048576K
}
Event: 1308.678 GC heap before
{Heap before GC invocations=55 (full 0):
 garbage-first heap   total 184320K, used 150403K [0x0000000700000000, 0x0000000800000000)
  region size 2048K, 32 young (65536K), 3 survivors (6144K)
 Metaspace       used 103992K, committed 104896K, reserved 1179648K
  class space    used 14023K, committed 14464K, reserved 1048576K
}
Event: 1308.732 GC heap after
{Heap after GC invocations=56 (full 0):
 garbage-first heap   total 184320K, used 103003K [0x0000000700000000, 0x0000000800000000)
  region size 2048K, 4 young (8192K), 4 survivors (8192K)
 Metaspace       used 103992K, committed 104896K, reserved 1179648K
  class space    used 14023K, committed 14464K, reserved 1048576K
}
Event: 1310.950 GC heap before
{Heap before GC invocations=57 (full 0):
 garbage-first heap   total 198656K, used 148059K [0x0000000700000000, 0x0000000800000000)
  region size 2048K, 26 young (53248K), 4 survivors (8192K)
 Metaspace       used 105355K, committed 106368K, reserved 1179648K
  class space    used 14246K, committed 14720K, reserved 1048576K
}
Event: 1310.992 GC heap after
{Heap after GC invocations=58 (full 0):
 garbage-first heap   total 198656K, used 113254K [0x0000000700000000, 0x0000000800000000)
  region size 2048K, 4 young (8192K), 4 survivors (8192K)
 Metaspace       used 105355K, committed 106368K, reserved 1179648K
  class space    used 14246K, committed 14720K, reserved 1048576K
}
Event: 1311.081 GC heap before
{Heap before GC invocations=58 (full 0):
 garbage-first heap   total 198656K, used 115302K [0x0000000700000000, 0x0000000800000000)
  region size 2048K, 5 young (10240K), 4 survivors (8192K)
 Metaspace       used 105356K, committed 106368K, reserved 1179648K
  class space    used 14246K, committed 14720K, reserved 1048576K
}
Event: 1311.113 GC heap after
{Heap after GC invocations=59 (full 0):
 garbage-first heap   total 198656K, used 113264K [0x0000000700000000, 0x0000000800000000)
  region size 2048K, 1 young (2048K), 1 survivors (2048K)
 Metaspace       used 105356K, committed 106368K, reserved 1179648K
  class space    used 14246K, committed 14720K, reserved 1048576K
}
Event: 1312.935 GC heap before
{Heap before GC invocations=59 (full 0):
 garbage-first heap   total 198656K, used 156272K [0x0000000700000000, 0x0000000800000000)
  region size 2048K, 23 young (47104K), 1 survivors (2048K)
 Metaspace       used 105801K, committed 106816K, reserved 1179648K
  class space    used 14315K, committed 14784K, reserved 1048576K
}
Event: 1312.956 GC heap after
{Heap after GC invocations=60 (full 0):
 garbage-first heap   total 397312K, used 123332K [0x0000000700000000, 0x0000000800000000)
  region size 2048K, 3 young (6144K), 3 survivors (6144K)
 Metaspace       used 105801K, committed 106816K, reserved 1179648K
  class space    used 14315K, committed 14784K, reserved 1048576K
}

Dll operation events (2 events):
Event: 0.012 Loaded shared library C:\Program Files\Android\Android Studio\jbr\bin\java.dll
Event: 1.018 Loaded shared library C:\Program Files\Android\Android Studio\jbr\bin\verify.dll

Deoptimization events (20 events):
Event: 1315.126 Thread 0x00000202486a0530 Uncommon trap: trap_request=0xffffffde fr.pc=0x000002022c83a240 relative=0x00000000000022a0
Event: 1315.126 Thread 0x00000202486a0530 Uncommon trap: reason=class_check action=maybe_recompile pc=0x000002022c83a240 method=org.gradle.api.internal.artifacts.ivyservice.resolveengine.result.DesugaredAttributeContainerSerializer.read(Lorg/gradle/internal/serialize/Decoder;)Lorg/gradle/api/inte
Event: 1315.128 Thread 0x00000202486a0530 DEOPT PACKING pc=0x000002022c83a240 sp=0x000000fb290f9180
Event: 1315.128 Thread 0x00000202486a0530 DEOPT UNPACKING pc=0x000002022bb569a3 sp=0x000000fb290f9160 mode 2
Event: 1315.137 Thread 0x00000202486a0530 Uncommon trap: trap_request=0xffffff45 fr.pc=0x000002022c3355f0 relative=0x0000000000000070
Event: 1315.137 Thread 0x00000202486a0530 Uncommon trap: reason=unstable_if action=reinterpret pc=0x000002022c3355f0 method=com.google.common.cache.LocalCache.isExpired(Lcom/google/common/cache/ReferenceEntry;J)Z @ 9 c2
Event: 1315.137 Thread 0x00000202486a0530 DEOPT PACKING pc=0x000002022c3355f0 sp=0x000000fb290f93d0
Event: 1315.137 Thread 0x00000202486a0530 DEOPT UNPACKING pc=0x000002022bb569a3 sp=0x000000fb290f9360 mode 2
Event: 1315.149 Thread 0x00000202486a0530 Uncommon trap: trap_request=0xffffff45 fr.pc=0x000002022c6bcde8 relative=0x0000000000000228
Event: 1315.149 Thread 0x00000202486a0530 Uncommon trap: reason=unstable_if action=reinterpret pc=0x000002022c6bcde8 method=com.esotericsoftware.kryo.io.Input.require(I)I @ 65 c2
Event: 1315.149 Thread 0x00000202486a0530 DEOPT PACKING pc=0x000002022c6bcde8 sp=0x000000fb290f8fd0
Event: 1315.150 Thread 0x00000202486a0530 DEOPT UNPACKING pc=0x000002022bb569a3 sp=0x000000fb290f8f90 mode 2
Event: 1315.171 Thread 0x00000202486a0530 Uncommon trap: trap_request=0xffffff45 fr.pc=0x000002022c83f3e0 relative=0x0000000000000460
Event: 1315.171 Thread 0x00000202486a0530 Uncommon trap: reason=unstable_if action=reinterpret pc=0x000002022c83f3e0 method=com.google.common.cache.LocalCache.isExpired(Lcom/google/common/cache/ReferenceEntry;J)Z @ 9 c2
Event: 1315.171 Thread 0x00000202486a0530 DEOPT PACKING pc=0x000002022c83f3e0 sp=0x000000fb290f9300
Event: 1315.171 Thread 0x00000202486a0530 DEOPT UNPACKING pc=0x000002022bb569a3 sp=0x000000fb290f91e0 mode 2
Event: 1315.230 Thread 0x00000202486a0530 Uncommon trap: trap_request=0xffffff45 fr.pc=0x000002022c84092c relative=0x000000000000016c
Event: 1315.230 Thread 0x00000202486a0530 Uncommon trap: reason=unstable_if action=reinterpret pc=0x000002022c84092c method=com.google.common.cache.LocalCache.isExpired(Lcom/google/common/cache/ReferenceEntry;J)Z @ 9 c2
Event: 1315.230 Thread 0x00000202486a0530 DEOPT PACKING pc=0x000002022c84092c sp=0x000000fb290f9290
Event: 1315.230 Thread 0x00000202486a0530 DEOPT UNPACKING pc=0x000002022bb569a3 sp=0x000000fb290f91d0 mode 2

Classes unloaded (20 events):
Event: 1309.253 Thread 0x000002023f2df890 Unloading class 0x0000000800cbac30 '_BuildScript_$_run_closure2$_closure8'
Event: 1309.253 Thread 0x000002023f2df890 Unloading class 0x0000000800cba820 '_BuildScript_$_run_closure2$_closure7'
Event: 1309.253 Thread 0x000002023f2df890 Unloading class 0x0000000800cba410 '_BuildScript_$_run_closure2$_closure6'
Event: 1309.253 Thread 0x000002023f2df890 Unloading class 0x0000000800cba000 '_BuildScript_$_run_closure2$_closure5'
Event: 1309.253 Thread 0x000002023f2df890 Unloading class 0x0000000800cb9970 '_BuildScript_$_run_closure2'
Event: 1309.253 Thread 0x000002023f2df890 Unloading class 0x0000000800cb9560 '_BuildScript_$_run_closure1'
Event: 1309.253 Thread 0x000002023f2df890 Unloading class 0x0000000800cb9000 '_BuildScript_'
Event: 1309.253 Thread 0x000002023f2df890 Unloading class 0x0000000800cb5560 '_BuildScript_$_run_closure1'
Event: 1309.253 Thread 0x000002023f2df890 Unloading class 0x0000000800cb5000 '_BuildScript_'
Event: 1309.254 Thread 0x000002023f2df890 Unloading class 0x0000000800c5e000 '_BuildScript_$_run_closure4'
Event: 1309.254 Thread 0x000002023f2df890 Unloading class 0x0000000800c5d860 '_BuildScript_$_run_closure3'
Event: 1309.254 Thread 0x000002023f2df890 Unloading class 0x0000000800c5d450 '_BuildScript_$_run_closure2$_closure9$_closure10'
Event: 1309.254 Thread 0x000002023f2df890 Unloading class 0x0000000800c5d040 '_BuildScript_$_run_closure2$_closure9'
Event: 1309.254 Thread 0x000002023f2df890 Unloading class 0x0000000800c5cc30 '_BuildScript_$_run_closure2$_closure8'
Event: 1309.254 Thread 0x000002023f2df890 Unloading class 0x0000000800c5c820 '_BuildScript_$_run_closure2$_closure7'
Event: 1309.254 Thread 0x000002023f2df890 Unloading class 0x0000000800c5c410 '_BuildScript_$_run_closure2$_closure6'
Event: 1309.254 Thread 0x000002023f2df890 Unloading class 0x0000000800c5c000 '_BuildScript_$_run_closure2$_closure5'
Event: 1309.254 Thread 0x000002023f2df890 Unloading class 0x0000000800c5b970 '_BuildScript_$_run_closure2'
Event: 1309.254 Thread 0x000002023f2df890 Unloading class 0x0000000800c5b560 '_BuildScript_$_run_closure1'
Event: 1309.254 Thread 0x000002023f2df890 Unloading class 0x0000000800c5b000 '_BuildScript_'

Classes redefined (0 events):
No events

Internal exceptions (20 events):
Event: 1312.644 Thread 0x00000202486a0530 Exception <a 'java/lang/ClassNotFoundException'{0x0000000709b8f6a0}: build_7h4s597ymdhayopvv4mupejhgCustomizer> (0x0000000709b8f6a0) 
thrown [s\src\hotspot\share\classfile\systemDictionary.cpp, line 256]
Event: 1312.880 Thread 0x00000202486a0530 Exception <a 'java/lang/ClassNotFoundException'{0x00000007095a59c0}: build_7h4s597ymdhayopvv4mupejhgBeanInfo> (0x00000007095a59c0) 
thrown [s\src\hotspot\share\classfile\systemDictionary.cpp, line 256]
Event: 1312.881 Thread 0x00000202486a0530 Exception <a 'java/lang/ClassNotFoundException'{0x00000007095ac1e0}: build_7h4s597ymdhayopvv4mupejhgCustomizer> (0x00000007095ac1e0) 
thrown [s\src\hotspot\share\classfile\systemDictionary.cpp, line 256]
Event: 1313.521 Thread 0x00000202486a0530 Exception <a 'java/lang/NoClassDefFoundError'{0x0000000717e82ae8}: org/jetbrains/kotlin/gradle/plugin/KotlinBasePluginWrapper> (0x0000000717e82ae8) 
thrown [s\src\hotspot\share\oops\constantPool.cpp, line 835]
Event: 1313.635 Thread 0x00000202486a0530 Exception <a 'java/lang/ClassNotFoundException'{0x0000000717fa2dc0}: build_1o4ulry16ewkwewyf5cwadok4BeanInfo> (0x0000000717fa2dc0) 
thrown [s\src\hotspot\share\classfile\systemDictionary.cpp, line 256]
Event: 1313.636 Thread 0x00000202486a0530 Exception <a 'java/lang/ClassNotFoundException'{0x0000000717fa9640}: build_1o4ulry16ewkwewyf5cwadok4Customizer> (0x0000000717fa9640) 
thrown [s\src\hotspot\share\classfile\systemDictionary.cpp, line 256]
Event: 1314.282 Thread 0x00000202486a0530 Exception <a 'java/lang/ClassNotFoundException'{0x0000000716edbdc8}: build_1o4ulry16ewkwewyf5cwadok4BeanInfo> (0x0000000716edbdc8) 
thrown [s\src\hotspot\share\classfile\systemDictionary.cpp, line 256]
Event: 1314.283 Thread 0x00000202486a0530 Exception <a 'java/lang/ClassNotFoundException'{0x0000000716ee25e8}: build_1o4ulry16ewkwewyf5cwadok4Customizer> (0x0000000716ee25e8) 
thrown [s\src\hotspot\share\classfile\systemDictionary.cpp, line 256]
Event: 1314.768 Thread 0x00000202486a0530 Exception <a 'java/lang/NoClassDefFoundError'{0x0000000716634bd8}: org/jetbrains/kotlin/gradle/plugin/KotlinBasePluginWrapper> (0x0000000716634bd8) 
thrown [s\src\hotspot\share\oops\constantPool.cpp, line 835]
Event: 1315.332 Thread 0x00000202486a0530 Exception <a 'java/lang/ClassNotFoundException'{0x0000000715eaeb88}: org/gradle/api/tasks/compile/JavaCompile_DecoratedBeanInfo> (0x0000000715eaeb88) 
thrown [s\src\hotspot\share\classfile\systemDictionary.cpp, line 256]
Event: 1315.334 Thread 0x00000202486a0530 Exception <a 'java/lang/ClassNotFoundException'{0x0000000715ebc830}: org/gradle/api/tasks/compile/JavaCompileBeanInfo> (0x0000000715ebc830) 
thrown [s\src\hotspot\share\classfile\systemDictionary.cpp, line 256]
Event: 1315.335 Thread 0x00000202486a0530 Exception <a 'java/lang/ClassNotFoundException'{0x0000000715eca550}: org/gradle/api/tasks/compile/AbstractCompileBeanInfo> (0x0000000715eca550) 
thrown [s\src\hotspot\share\classfile\systemDictionary.cpp, line 256]
Event: 1315.337 Thread 0x00000202486a0530 Exception <a 'java/lang/ClassNotFoundException'{0x0000000715ed5b78}: org/gradle/api/tasks/SourceTaskBeanInfo> (0x0000000715ed5b78) 
thrown [s\src\hotspot\share\classfile\systemDictionary.cpp, line 256]
Event: 1315.338 Thread 0x00000202486a0530 Exception <a 'java/lang/ClassNotFoundException'{0x0000000715ee11c0}: org/gradle/api/tasks/SourceTaskCustomizer> (0x0000000715ee11c0) 
thrown [s\src\hotspot\share\classfile\systemDictionary.cpp, line 256]
Event: 1315.343 Thread 0x00000202486a0530 Exception <a 'java/lang/ClassNotFoundException'{0x0000000715f13b88}: org/gradle/api/tasks/compile/AbstractCompileCustomizer> (0x0000000715f13b88) 
thrown [s\src\hotspot\share\classfile\systemDictionary.cpp, line 256]
Event: 1315.347 Thread 0x00000202486a0530 Exception <a 'java/lang/ClassNotFoundException'{0x0000000715f3abe8}: org/gradle/api/tasks/compile/JavaCompileCustomizer> (0x0000000715f3abe8) 
thrown [s\src\hotspot\share\classfile\systemDictionary.cpp, line 256]
Event: 1315.350 Thread 0x00000202486a0530 Exception <a 'java/lang/ClassNotFoundException'{0x0000000715f629d8}: org/gradle/api/tasks/compile/JavaCompile_DecoratedCustomizer> (0x0000000715f629d8) 
thrown [s\src\hotspot\share\classfile\systemDictionary.cpp, line 256]
Event: 1315.367 Thread 0x00000202486a0530 Exception <a 'java/lang/ClassNotFoundException'{0x0000000715c15938}: org/gradle/api/tasks/compile/CompileOptions_DecoratedBeanInfo> (0x0000000715c15938) 
thrown [s\src\hotspot\share\classfile\systemDictionary.cpp, line 256]
Event: 1315.368 Thread 0x00000202486a0530 Exception <a 'java/lang/ClassNotFoundException'{0x0000000715c23660}: org/gradle/api/tasks/compile/CompileOptionsBeanInfo> (0x0000000715c23660) 
thrown [s\src\hotspot\share\classfile\systemDictionary.cpp, line 256]
Event: 1315.370 Thread 0x00000202486a0530 Exception <a 'java/lang/ClassNotFoundException'{0x0000000715c31380}: org/gradle/api/tasks/compile/AbstractOptionsBeanInfo> (0x0000000715c31380) 
thrown [s\src\hotspot\share\classfile\systemDictionary.cpp, line 256]

VM Operations (20 events):
Event: 1310.950 Executing VM operation: G1CollectForAllocation
Event: 1310.995 Executing VM operation: G1CollectForAllocation done
Event: 1311.080 Executing VM operation: G1CollectForAllocation
Event: 1311.113 Executing VM operation: G1CollectForAllocation done
Event: 1312.127 Executing VM operation: Cleanup
Event: 1312.127 Executing VM operation: Cleanup done
Event: 1312.934 Executing VM operation: G1CollectForAllocation
Event: 1312.956 Executing VM operation: G1CollectForAllocation done
Event: 1313.343 Executing VM operation: G1Concurrent
Event: 1313.361 Executing VM operation: G1Concurrent done
Event: 1313.587 Executing VM operation: G1Concurrent
Event: 1313.587 Executing VM operation: G1Concurrent done
Event: 1314.589 Executing VM operation: Cleanup
Event: 1314.590 Executing VM operation: Cleanup done
Event: 1314.613 Executing VM operation: HandshakeAllThreads
Event: 1314.614 Executing VM operation: HandshakeAllThreads done
Event: 1314.656 Executing VM operation: HandshakeAllThreads
Event: 1314.657 Executing VM operation: HandshakeAllThreads done
Event: 1315.127 Executing VM operation: HandshakeAllThreads
Event: 1315.142 Executing VM operation: HandshakeAllThreads done

Events (20 events):
Event: 1315.205 Thread 0x000002023f468cf0 flushing nmethod 0x0000020225d4f790
Event: 1315.205 Thread 0x000002023f468cf0 flushing nmethod 0x0000020225d65310
Event: 1315.206 Thread 0x000002023f468cf0 flushing nmethod 0x0000020225de4e10
Event: 1315.206 Thread 0x000002023f468cf0 flushing nmethod 0x0000020225df2090
Event: 1315.206 Thread 0x000002023f468cf0 flushing nmethod 0x0000020225df2690
Event: 1315.206 Thread 0x000002023f468cf0 flushing nmethod 0x0000020225df3090
Event: 1315.206 Thread 0x000002023f468cf0 flushing nmethod 0x0000020225df8710
Event: 1315.207 Thread 0x000002023f468cf0 flushing nmethod 0x0000020225e12490
Event: 1315.207 Thread 0x000002023f468cf0 flushing nmethod 0x0000020225e18190
Event: 1315.207 Thread 0x000002023f468cf0 flushing nmethod 0x0000020225e3f810
Event: 1315.207 Thread 0x000002023f468cf0 flushing nmethod 0x0000020225e47810
Event: 1315.207 Thread 0x000002023f468cf0 flushing nmethod 0x0000020225e4db10
Event: 1315.208 Thread 0x000002023f468cf0 flushing nmethod 0x0000020225e6a490
Event: 1315.208 Thread 0x000002023f468cf0 flushing nmethod 0x0000020225e75e10
Event: 1315.208 Thread 0x000002023f468cf0 flushing nmethod 0x0000020225e8f490
Event: 1315.208 Thread 0x000002023f468cf0 flushing nmethod 0x0000020225e91110
Event: 1315.209 Thread 0x000002023f468cf0 flushing nmethod 0x0000020225eb3690
Event: 1315.209 Thread 0x000002023f468cf0 flushing nmethod 0x0000020225ebe690
Event: 1315.209 Thread 0x000002023f468cf0 flushing nmethod 0x0000020225ed9010
Event: 1315.209 Thread 0x000002023f468cf0 flushing nmethod 0x0000020225ee0090


Dynamic libraries:
0x00007ff7131c0000 - 0x00007ff7131ca000 	C:\Program Files\Android\Android Studio\jbr\bin\java.exe
0x00007ff9bc2d0000 - 0x00007ff9bc4c8000 	C:\Windows\SYSTEM32\ntdll.dll
0x00007ff9bb720000 - 0x00007ff9bb7dd000 	C:\Windows\System32\KERNEL32.DLL
0x00007ff9b9c80000 - 0x00007ff9b9f76000 	C:\Windows\System32\KERNELBASE.dll
0x00007ff9b9b80000 - 0x00007ff9b9c80000 	C:\Windows\System32\ucrtbase.dll
0x00007ff9ae530000 - 0x00007ff9ae54b000 	C:\Program Files\Android\Android Studio\jbr\bin\VCRUNTIME140.dll
0x00007ff9ae650000 - 0x00007ff9ae667000 	C:\Program Files\Android\Android Studio\jbr\bin\jli.dll
0x00007ff9bb840000 - 0x00007ff9bb9de000 	C:\Windows\System32\USER32.dll
0x00007ff9b9b50000 - 0x00007ff9b9b72000 	C:\Windows\System32\win32u.dll
0x00007ff9bb9e0000 - 0x00007ff9bba0c000 	C:\Windows\System32\GDI32.dll
0x00007ff9b9a30000 - 0x00007ff9b9b4a000 	C:\Windows\System32\gdi32full.dll
0x00007ff9ba280000 - 0x00007ff9ba31d000 	C:\Windows\System32\msvcp_win.dll
0x00007ff9a0f40000 - 0x00007ff9a11da000 	C:\Windows\WinSxS\amd64_microsoft.windows.common-controls_6595b64144ccf1df_6.0.19041.3636_none_60b6a03d71f818d5\COMCTL32.dll
0x00007ff9bba10000 - 0x00007ff9bbaae000 	C:\Windows\System32\msvcrt.dll
0x00007ff9bb640000 - 0x00007ff9bb670000 	C:\Windows\System32\IMM32.DLL
0x00007ff9afea0000 - 0x00007ff9afeac000 	C:\Program Files\Android\Android Studio\jbr\bin\vcruntime140_1.dll
0x00007ff971f80000 - 0x00007ff97200d000 	C:\Program Files\Android\Android Studio\jbr\bin\msvcp140.dll
0x00007ff9643d0000 - 0x00007ff965050000 	C:\Program Files\Android\Android Studio\jbr\bin\server\jvm.dll
0x00007ff9ba4e0000 - 0x00007ff9ba593000 	C:\Windows\System32\ADVAPI32.dll
0x00007ff9bb5a0000 - 0x00007ff9bb63f000 	C:\Windows\System32\sechost.dll
0x00007ff9bad60000 - 0x00007ff9bae86000 	C:\Windows\System32\RPCRT4.dll
0x00007ff9ba150000 - 0x00007ff9ba177000 	C:\Windows\System32\bcrypt.dll
0x00007ff9a26b0000 - 0x00007ff9a26b9000 	C:\Windows\SYSTEM32\WSOCK32.dll
0x00007ff9bb3b0000 - 0x00007ff9bb41b000 	C:\Windows\System32\WS2_32.dll
0x00007ff9a4a00000 - 0x00007ff9a4a27000 	C:\Windows\SYSTEM32\WINMM.dll
0x00007ff9ae0a0000 - 0x00007ff9ae0aa000 	C:\Windows\SYSTEM32\VERSION.dll
0x00007ff9b81e0000 - 0x00007ff9b81f2000 	C:\Windows\SYSTEM32\kernel.appcore.dll
0x00007ff9a01b0000 - 0x00007ff9a01ba000 	C:\Program Files\Android\Android Studio\jbr\bin\jimage.dll
0x00007ff9b0c50000 - 0x00007ff9b0e34000 	C:\Windows\SYSTEM32\DBGHELP.DLL
0x00007ff99e690000 - 0x00007ff99e6c4000 	C:\Windows\SYSTEM32\dbgcore.DLL
0x00007ff9b99a0000 - 0x00007ff9b9a22000 	C:\Windows\System32\bcryptPrimitives.dll
0x00007ff987720000 - 0x00007ff987745000 	C:\Program Files\Android\Android Studio\jbr\bin\java.dll
0x00007ff987ef0000 - 0x00007ff987f08000 	C:\Program Files\Android\Android Studio\jbr\bin\zip.dll
0x00007ff9bbab0000 - 0x00007ff9bc1f5000 	C:\Windows\System32\SHELL32.dll
0x00007ff9b7a30000 - 0x00007ff9b81cb000 	C:\Windows\SYSTEM32\windows.storage.dll
0x00007ff9baf60000 - 0x00007ff9bb2b4000 	C:\Windows\System32\combase.dll
0x00007ff9b9360000 - 0x00007ff9b938d000 	C:\Windows\SYSTEM32\Wldp.dll
0x00007ff9bae90000 - 0x00007ff9baf3d000 	C:\Windows\System32\SHCORE.dll
0x00007ff9bb2c0000 - 0x00007ff9bb315000 	C:\Windows\System32\shlwapi.dll
0x00007ff9b98d0000 - 0x00007ff9b98f5000 	C:\Windows\SYSTEM32\profapi.dll
0x00007ff987450000 - 0x00007ff987469000 	C:\Program Files\Android\Android Studio\jbr\bin\net.dll
0x00007ff9a5430000 - 0x00007ff9a553a000 	C:\Windows\SYSTEM32\WINHTTP.dll
0x00007ff9b90c0000 - 0x00007ff9b912a000 	C:\Windows\system32\mswsock.dll
0x00007ff986910000 - 0x00007ff986926000 	C:\Program Files\Android\Android Studio\jbr\bin\nio.dll
0x00007ff99e260000 - 0x00007ff99e270000 	C:\Program Files\Android\Android Studio\jbr\bin\verify.dll
0x00007ff983280000 - 0x00007ff9832a7000 	C:\Users\HP\.gradle\native\e1d6ef7f7dcc3fd88c89a11ec53ec762bb8ba0a96d01ffa2cd45eb1d1d8dd5c5\windows-amd64\native-platform.dll
0x00007ff9663a0000 - 0x00007ff9664e4000 	C:\Users\HP\.gradle\native\0d407fdbe67a94daf76414ababcb853783967236a71b16ec16e742cd7a986fd3\windows-amd64\native-platform-file-events.dll
0x00007ff99e140000 - 0x00007ff99e149000 	C:\Program Files\Android\Android Studio\jbr\bin\management.dll
0x00007ff99c8c0000 - 0x00007ff99c8cb000 	C:\Program Files\Android\Android Studio\jbr\bin\management_ext.dll
0x00007ff9ba4d0000 - 0x00007ff9ba4d8000 	C:\Windows\System32\PSAPI.DLL
0x00007ff9b92c0000 - 0x00007ff9b92d8000 	C:\Windows\SYSTEM32\CRYPTSP.dll
0x00007ff9b89f0000 - 0x00007ff9b8a24000 	C:\Windows\system32\rsaenh.dll
0x00007ff9b9890000 - 0x00007ff9b98be000 	C:\Windows\SYSTEM32\USERENV.dll
0x00007ff9b92b0000 - 0x00007ff9b92bc000 	C:\Windows\SYSTEM32\CRYPTBASE.dll
0x00007ff9b8db0000 - 0x00007ff9b8deb000 	C:\Windows\SYSTEM32\IPHLPAPI.DLL
0x00007ff9bb3a0000 - 0x00007ff9bb3a8000 	C:\Windows\System32\NSI.dll
0x00007ff9a5ff0000 - 0x00007ff9a6007000 	C:\Windows\SYSTEM32\dhcpcsvc6.DLL
0x00007ff9a8140000 - 0x00007ff9a815d000 	C:\Windows\SYSTEM32\dhcpcsvc.DLL
0x00007ff9b8df0000 - 0x00007ff9b8eba000 	C:\Windows\SYSTEM32\DNSAPI.dll
0x00007ff99b6f0000 - 0x00007ff99b6f7000 	C:\Windows\system32\wshunix.dll
0x00007ff9a4140000 - 0x00007ff9a414a000 	C:\Windows\System32\rasadhlp.dll
0x00007ff9a4190000 - 0x00007ff9a4210000 	C:\Windows\System32\fwpuclnt.dll

dbghelp: loaded successfully - version: 4.0.5 - missing functions: none
symbol engine: initialized successfully - sym options: 0x614 - pdb path: .;C:\Program Files\Android\Android Studio\jbr\bin;C:\Windows\SYSTEM32;C:\Windows\WinSxS\amd64_microsoft.windows.common-controls_6595b64144ccf1df_6.0.19041.3636_none_60b6a03d71f818d5;C:\Program Files\Android\Android Studio\jbr\bin\server;C:\Users\HP\.gradle\native\e1d6ef7f7dcc3fd88c89a11ec53ec762bb8ba0a96d01ffa2cd45eb1d1d8dd5c5\windows-amd64;C:\Users\HP\.gradle\native\0d407fdbe67a94daf76414ababcb853783967236a71b16ec16e742cd7a986fd3\windows-amd64

VM Arguments:
jvm_args: --add-opens=java.base/java.util=ALL-UNNAMED --add-opens=java.base/java.lang=ALL-UNNAMED --add-opens=java.base/java.lang.invoke=ALL-UNNAMED --add-opens=java.base/java.util=ALL-UNNAMED --add-opens=java.prefs/java.util.prefs=ALL-UNNAMED --add-opens=java.prefs/java.util.prefs=ALL-UNNAMED --add-opens=java.base/java.nio.charset=ALL-UNNAMED --add-opens=java.base/java.net=ALL-UNNAMED --add-opens=java.base/java.util.concurrent.atomic=ALL-UNNAMED -Xmx4G -Dfile.encoding=windows-1252 -Duser.country=IN -Duser.language=en -Duser.variant 
java_command: org.gradle.launcher.daemon.bootstrap.GradleDaemon 7.5
java_class_path (initial): C:\Users\HP\.gradle\wrapper\dists\gradle-7.5-all\6qsw290k5lz422uaf8jf6m7co\gradle-7.5\lib\gradle-launcher-7.5.jar
Launcher Type: SUN_STANDARD

[Global flags]
     intx CICompilerCount                          = 3                                         {product} {ergonomic}
     uint ConcGCThreads                            = 1                                         {product} {ergonomic}
     uint G1ConcRefinementThreads                  = 4                                         {product} {ergonomic}
   size_t G1HeapRegionSize                         = 2097152                                   {product} {ergonomic}
    uintx GCDrainStackTargetSize                   = 64                                        {product} {ergonomic}
   size_t InitialHeapSize                          = 134217728                                 {product} {ergonomic}
   size_t MarkStackSize                            = 4194304                                   {product} {ergonomic}
   size_t MaxHeapSize                              = 4294967296                                {product} {command line}
   size_t MaxNewSize                               = 2575302656                                {product} {ergonomic}
   size_t MinHeapDeltaBytes                        = 2097152                                   {product} {ergonomic}
   size_t MinHeapSize                              = 8388608                                   {product} {ergonomic}
    uintx NonNMethodCodeHeapSize                   = 5832780                                {pd product} {ergonomic}
    uintx NonProfiledCodeHeapSize                  = 122912730                              {pd product} {ergonomic}
    uintx ProfiledCodeHeapSize                     = 122912730                              {pd product} {ergonomic}
    uintx ReservedCodeCacheSize                    = 251658240                              {pd product} {ergonomic}
     bool SegmentedCodeCache                       = true                                      {product} {ergonomic}
   size_t SoftMaxHeapSize                          = 4294967296                             {manageable} {ergonomic}
     bool UseCompressedClassPointers               = true                           {product lp64_product} {ergonomic}
     bool UseCompressedOops                        = true                           {product lp64_product} {ergonomic}
     bool UseG1GC                                  = true                                      {product} {ergonomic}
     bool UseLargePagesIndividualAllocation        = false                                  {pd product} {ergonomic}

Logging:
Log output configuration:
 #0: stdout all=warning uptime,level,tags
 #1: stderr all=off uptime,level,tags

Environment Variables:
JAVA_HOME=C:\Program Files\Android\Android Studio\jbr
CLASSPATH=C:\Users\HP\Desktop\instagram_pro\android\\gradle\wrapper\gradle-wrapper.jar
PATH=C:\Program Files\Android\Android Studio\jbr\bin;C:\Windows;C:\Windows\System32\Wbem;C:\Windows\System32\WindowsPowerShell\v1.0\;C:\Windows\System32\OpenSSH\;C:\Windows\system32;C:\Program Files (x86)\Windows Kits\10\Windows Performance Toolkit\;C:\Program Files\nodejs\;C:\Program Files\Git\cmd;C:\Users\HP\AppData\Local\Pub\Cache\bin;C:\flutter\bin;C:\Program Files\MySQL\MySQL Shell 8.0\bin\;C:\Users\HP\AppData\Local\Programs\Python\Python310\Scripts\;C:\Users\HP\AppData\Local\Programs\Python\Python310\;C:\Users\HP\AppData\Local\Microsoft\WindowsApps;C:\Users\HP\AppData\Local\Programs\Microsoft VS Code\bin;"C:\flutter\bin";C:\Users\HP\AppData\Roaming\npm;C:\flutter\bin\mingit\cmd;C:\flutter\bin\mingit\cmd
USERNAME=HP
OS=Windows_NT
PROCESSOR_IDENTIFIER=Intel64 Family 6 Model 142 Stepping 9, GenuineIntel
TMP=C:\Users\HP\AppData\Local\Temp
TEMP=C:\Users\HP\AppData\Local\Temp


JNI global refs:
JNI global refs: 25, weak refs: 9

JNI global refs memory usage: 843, weak refs: 841

OOME stack traces (most recent first):
Classloader memory used:
